18:19:23,211 DriverIml INFO {1: {'current': 0.0, 'time': datetime.datetime(2022, 10, 14, 15, 19, 23, 210173), 'voltage': 0.0}, 2: {'current': 0.0, 'time': datetime.datetime(2022, 10, 14, 15, 19, 23, 210655), 'voltage': 0.0}, 3: {'current': 0.0, 'time': datetime.datetime(2022, 10, 14, 15, 19, 23, 211114), 'voltage': 0.0}, 4: {'current': 0.0, 'time': datetime.datetime(2022, 10, 14, 15, 19, 23, 211472), 'voltage': 0.0}}
18:19:25,217 DriverIml INFO {1: {'current': 0.0, 'time': datetime.datetime(2022, 10, 14, 15, 19, 25, 215441), 'voltage': 0.0}, 2: {'current': 0.0, 'time': datetime.datetime(2022, 10, 14, 15, 19, 25, 216071), 'voltage': 0.0}, 3: {'current': 0.0, 'time': datetime.datetime(2022, 10, 14, 15, 19, 25, 216570), 'voltage': 0.0}, 4: {'current': 0.0, 'time': datetime.datetime(2022, 10, 14, 15, 19, 25, 217065), 'voltage': 0.0}}
18:19:27,221 DriverIml INFO {1: {'current': 0.0, 'time': datetime.datetime(2022, 10, 14, 15, 19, 27, 220313), 'voltage': 0.0}, 2: {'current': 0.0, 'time': datetime.datetime(2022, 10, 14, 15, 19, 27, 220715), 'voltage': 0.0}, 3: {'current': 0.0, 'time': datetime.datetime(2022, 10, 14, 15, 19, 27, 221110), 'voltage': 0.0}, 4: {'current': 0.0, 'time': datetime.datetime(2022, 10, 14, 15, 19, 27, 221615), 'voltage': 0.0}}
18:19:29,228 DriverIml INFO {1: {'current': 0.0, 'time': datetime.datetime(2022, 10, 14, 15, 19, 29, 225292), 'voltage': 0.0}, 2: {'current': 0.0, 'time': datetime.datetime(2022, 10, 14, 15, 19, 29, 226198), 'voltage': 0.0}, 3: {'current': 0.0, 'time': datetime.datetime(2022, 10, 14, 15, 19, 29, 227123), 'voltage': 0.0}, 4: {'current': 0.0, 'time': datetime.datetime(2022, 10, 14, 15, 19, 29, 227911), 'voltage': 0.0}}
18:19:31,234 DriverIml INFO {1: {'current': 0.0, 'time': datetime.datetime(2022, 10, 14, 15, 19, 31, 231868), 'voltage': 0.0}, 2: {'current': 0.0, 'time': datetime.datetime(2022, 10, 14, 15, 19, 31, 232842), 'voltage': 0.0}, 3: {'current': 0.0, 'time': datetime.datetime(2022, 10, 14, 15, 19, 31, 233788), 'voltage': 0.0}, 4: {'current': 0.0, 'time': datetime.datetime(2022, 10, 14, 15, 19, 31, 234586), 'voltage': 0.0}}
18:19:33,241 DriverIml INFO {1: {'current': 0.0, 'time': datetime.datetime(2022, 10, 14, 15, 19, 33, 238576), 'voltage': 0.0}, 2: {'current': 0.0, 'time': datetime.datetime(2022, 10, 14, 15, 19, 33, 239642), 'voltage': 0.0}, 3: {'current': 0.0, 'time': datetime.datetime(2022, 10, 14, 15, 19, 33, 240423), 'voltage': 0.0}, 4: {'current': 0.0, 'time': datetime.datetime(2022, 10, 14, 15, 19, 33, 241178), 'voltage': 0.0}}
18:19:35,247 DriverIml INFO {1: {'current': 0.0, 'time': datetime.datetime(2022, 10, 14, 15, 19, 35, 245159), 'voltage': 0.0}, 2: {'current': 0.0, 'time': datetime.datetime(2022, 10, 14, 15, 19, 35, 246049), 'voltage': 0.0}, 3: {'current': 0.0, 'time': datetime.datetime(2022, 10, 14, 15, 19, 35, 246993), 'voltage': 0.0}, 4: {'current': 0.0, 'time': datetime.datetime(2022, 10, 14, 15, 19, 35, 247672), 'voltage': 0.0}}
18:19:36,242 aiohttp.access INFO 127.0.0.1 [14/Oct/2022:15:19:36 +0000] "GET /get_values/ALL HTTP/1.1" 200 466 "-" "Mozilla/5.0 (X11; Linux x86_64) AppleWebKit/537.36 (KHTML, like Gecko) Chrome/102.0.0.0 Safari/537.36"
18:19:37,254 DriverIml INFO {1: {'current': 0.0, 'time': datetime.datetime(2022, 10, 14, 15, 19, 37, 251628), 'voltage': 0.0}, 2: {'current': 0.0, 'time': datetime.datetime(2022, 10, 14, 15, 19, 37, 252637), 'voltage': 0.0}, 3: {'current': 0.0, 'time': datetime.datetime(2022, 10, 14, 15, 19, 37, 253712), 'voltage': 0.0}, 4: {'current': 0.0, 'time': datetime.datetime(2022, 10, 14, 15, 19, 37, 254488), 'voltage': 0.0}}
18:19:38,581 aiohttp.access INFO 127.0.0.1 [14/Oct/2022:15:19:38 +0000] "GET /get_values/ALL HTTP/1.1" 200 466 "-" "Mozilla/5.0 (X11; Linux x86_64) AppleWebKit/537.36 (KHTML, like Gecko) Chrome/102.0.0.0 Safari/537.36"
18:19:39,258 DriverIml INFO {1: {'current': 0.0, 'time': datetime.datetime(2022, 10, 14, 15, 19, 39, 257058), 'voltage': 0.0}, 2: {'current': 0.0, 'time': datetime.datetime(2022, 10, 14, 15, 19, 39, 257693), 'voltage': 0.0}, 3: {'current': 0.0, 'time': datetime.datetime(2022, 10, 14, 15, 19, 39, 258223), 'voltage': 0.0}, 4: {'current': 0.0, 'time': datetime.datetime(2022, 10, 14, 15, 19, 39, 258695), 'voltage': 0.0}}
18:19:39,308 aiohttp.access INFO 127.0.0.1 [14/Oct/2022:15:19:39 +0000] "GET /get_values/ALL HTTP/1.1" 200 466 "-" "Mozilla/5.0 (X11; Linux x86_64) AppleWebKit/537.36 (KHTML, like Gecko) Chrome/102.0.0.0 Safari/537.36"
18:19:39,764 aiohttp.access INFO 127.0.0.1 [14/Oct/2022:15:19:39 +0000] "GET /get_values/ALL HTTP/1.1" 200 466 "-" "Mozilla/5.0 (X11; Linux x86_64) AppleWebKit/537.36 (KHTML, like Gecko) Chrome/102.0.0.0 Safari/537.36"
18:19:41,262 DriverIml INFO {1: {'current': 0.0, 'time': datetime.datetime(2022, 10, 14, 15, 19, 41, 261040), 'voltage': 0.0}, 2: {'current': 0.0, 'time': datetime.datetime(2022, 10, 14, 15, 19, 41, 261493), 'voltage': 0.0}, 3: {'current': 0.0, 'time': datetime.datetime(2022, 10, 14, 15, 19, 41, 261982), 'voltage': 0.0}, 4: {'current': 0.0, 'time': datetime.datetime(2022, 10, 14, 15, 19, 41, 262468), 'voltage': 0.0}}
18:19:42,696 aiohttp.access INFO 127.0.0.1 [14/Oct/2022:15:19:42 +0000] "GET /get_values/ALL HTTP/1.1" 200 466 "-" "Mozilla/5.0 (X11; Linux x86_64) AppleWebKit/537.36 (KHTML, like Gecko) Chrome/102.0.0.0 Safari/537.36"
18:19:43,269 DriverIml INFO {1: {'current': 0.0, 'time': datetime.datetime(2022, 10, 14, 15, 19, 43, 266165), 'voltage': 0.0}, 2: {'current': 0.0, 'time': datetime.datetime(2022, 10, 14, 15, 19, 43, 267204), 'voltage': 0.0}, 3: {'current': 0.0, 'time': datetime.datetime(2022, 10, 14, 15, 19, 43, 268143), 'voltage': 0.0}, 4: {'current': 0.0, 'time': datetime.datetime(2022, 10, 14, 15, 19, 43, 269055), 'voltage': 0.0}}
18:19:45,248 aiohttp.access INFO 127.0.0.1 [14/Oct/2022:15:19:45 +0000] "GET /get_values/1 HTTP/1.1" 200 234 "-" "Mozilla/5.0 (X11; Linux x86_64) AppleWebKit/537.36 (KHTML, like Gecko) Chrome/102.0.0.0 Safari/537.36"
18:19:45,275 DriverIml INFO {1: {'current': 0.0, 'time': datetime.datetime(2022, 10, 14, 15, 19, 45, 272739), 'voltage': 0.0}, 2: {'current': 0.0, 'time': datetime.datetime(2022, 10, 14, 15, 19, 45, 273504), 'voltage': 0.0}, 3: {'current': 0.0, 'time': datetime.datetime(2022, 10, 14, 15, 19, 45, 274409), 'voltage': 0.0}, 4: {'current': 0.0, 'time': datetime.datetime(2022, 10, 14, 15, 19, 45, 275345), 'voltage': 0.0}}
18:19:47,280 DriverIml INFO {1: {'current': 0.0, 'time': datetime.datetime(2022, 10, 14, 15, 19, 47, 277457), 'voltage': 0.0}, 2: {'current': 0.0, 'time': datetime.datetime(2022, 10, 14, 15, 19, 47, 278381), 'voltage': 0.0}, 3: {'current': 0.0, 'time': datetime.datetime(2022, 10, 14, 15, 19, 47, 279272), 'voltage': 0.0}, 4: {'current': 0.0, 'time': datetime.datetime(2022, 10, 14, 15, 19, 47, 280141), 'voltage': 0.0}}
18:19:48,7 aiohttp.server ERROR Error handling request
Traceback (most recent call last):
  File "driver/rest_api_server.py", line 51, in get_values
    values = await self._driver.get_values(channel)
  File "/home/andrey/buro1440/driver/driver.py", line 68, in get_values
    assert channel is None or (isinstance(channel, int) and channel >=
AssertionError: Channel must be a value from 1,2,3,4

During handling of the above exception, another exception occurred:

Traceback (most recent call last):
  File "/home/andrey/.local/lib/python3.8/site-packages/aiohttp/web_protocol.py", line 433, in _handle_request
    resp = await request_handler(request)
  File "/home/andrey/.local/lib/python3.8/site-packages/aiohttp/web_app.py", line 504, in _handle
    resp = await handler(request)
  File "driver/rest_api_server.py", line 55, in get_values
    resp.status = 400
AttributeError: can't set attribute
18:19:48,9 aiohttp.access INFO 127.0.0.1 [14/Oct/2022:15:19:48 +0000] "GET /get_values/6 HTTP/1.1" 500 334 "-" "Mozilla/5.0 (X11; Linux x86_64) AppleWebKit/537.36 (KHTML, like Gecko) Chrome/102.0.0.0 Safari/537.36"
18:19:49,284 DriverIml INFO {1: {'current': 0.0, 'time': datetime.datetime(2022, 10, 14, 15, 19, 49, 282462), 'voltage': 0.0}, 2: {'current': 0.0, 'time': datetime.datetime(2022, 10, 14, 15, 19, 49, 283333), 'voltage': 0.0}, 3: {'current': 0.0, 'time': datetime.datetime(2022, 10, 14, 15, 19, 49, 284159), 'voltage': 0.0}, 4: {'current': 0.0, 'time': datetime.datetime(2022, 10, 14, 15, 19, 49, 284755), 'voltage': 0.0}}
18:19:51,291 DriverIml INFO {1: {'current': 0.0, 'time': datetime.datetime(2022, 10, 14, 15, 19, 51, 288650), 'voltage': 0.0}, 2: {'current': 0.0, 'time': datetime.datetime(2022, 10, 14, 15, 19, 51, 289630), 'voltage': 0.0}, 3: {'current': 0.0, 'time': datetime.datetime(2022, 10, 14, 15, 19, 51, 290362), 'voltage': 0.0}, 4: {'current': 0.0, 'time': datetime.datetime(2022, 10, 14, 15, 19, 51, 291172), 'voltage': 0.0}}
18:19:53,295 DriverIml INFO {1: {'current': 0.0, 'time': datetime.datetime(2022, 10, 14, 15, 19, 53, 293105), 'voltage': 0.0}, 2: {'current': 0.0, 'time': datetime.datetime(2022, 10, 14, 15, 19, 53, 293643), 'voltage': 0.0}, 3: {'current': 0.0, 'time': datetime.datetime(2022, 10, 14, 15, 19, 53, 294209), 'voltage': 0.0}, 4: {'current': 0.0, 'time': datetime.datetime(2022, 10, 14, 15, 19, 53, 294575), 'voltage': 0.0}}
18:19:55,303 DriverIml INFO {1: {'current': 0.0, 'time': datetime.datetime(2022, 10, 14, 15, 19, 55, 298507), 'voltage': 0.0}, 2: {'current': 0.0, 'time': datetime.datetime(2022, 10, 14, 15, 19, 55, 299547), 'voltage': 0.0}, 3: {'current': 0.0, 'time': datetime.datetime(2022, 10, 14, 15, 19, 55, 300473), 'voltage': 0.0}, 4: {'current': 0.0, 'time': datetime.datetime(2022, 10, 14, 15, 19, 55, 302904), 'voltage': 0.0}}
18:19:57,309 DriverIml INFO {1: {'current': 0.0, 'time': datetime.datetime(2022, 10, 14, 15, 19, 57, 306980), 'voltage': 0.0}, 2: {'current': 0.0, 'time': datetime.datetime(2022, 10, 14, 15, 19, 57, 307883), 'voltage': 0.0}, 3: {'current': 0.0, 'time': datetime.datetime(2022, 10, 14, 15, 19, 57, 308767), 'voltage': 0.0}, 4: {'current': 0.0, 'time': datetime.datetime(2022, 10, 14, 15, 19, 57, 309516), 'voltage': 0.0}}
18:19:59,316 DriverIml INFO {1: {'current': 0.0, 'time': datetime.datetime(2022, 10, 14, 15, 19, 59, 313377), 'voltage': 0.0}, 2: {'current': 0.0, 'time': datetime.datetime(2022, 10, 14, 15, 19, 59, 314430), 'voltage': 0.0}, 3: {'current': 0.0, 'time': datetime.datetime(2022, 10, 14, 15, 19, 59, 315303), 'voltage': 0.0}, 4: {'current': 0.0, 'time': datetime.datetime(2022, 10, 14, 15, 19, 59, 316375), 'voltage': 0.0}}
18:20:01,323 DriverIml INFO {1: {'current': 0.0, 'time': datetime.datetime(2022, 10, 14, 15, 20, 1, 320276), 'voltage': 0.0}, 2: {'current': 0.0, 'time': datetime.datetime(2022, 10, 14, 15, 20, 1, 321251), 'voltage': 0.0}, 3: {'current': 0.0, 'time': datetime.datetime(2022, 10, 14, 15, 20, 1, 322148), 'voltage': 0.0}, 4: {'current': 0.0, 'time': datetime.datetime(2022, 10, 14, 15, 20, 1, 322891), 'voltage': 0.0}}
18:20:03,329 DriverIml INFO {1: {'current': 0.0, 'time': datetime.datetime(2022, 10, 14, 15, 20, 3, 325637), 'voltage': 0.0}, 2: {'current': 0.0, 'time': datetime.datetime(2022, 10, 14, 15, 20, 3, 326520), 'voltage': 0.0}, 3: {'current': 0.0, 'time': datetime.datetime(2022, 10, 14, 15, 20, 3, 327273), 'voltage': 0.0}, 4: {'current': 0.0, 'time': datetime.datetime(2022, 10, 14, 15, 20, 3, 328084), 'voltage': 0.0}}
18:20:05,336 DriverIml INFO {1: {'current': 0.0, 'time': datetime.datetime(2022, 10, 14, 15, 20, 5, 332876), 'voltage': 0.0}, 2: {'current': 0.0, 'time': datetime.datetime(2022, 10, 14, 15, 20, 5, 333834), 'voltage': 0.0}, 3: {'current': 0.0, 'time': datetime.datetime(2022, 10, 14, 15, 20, 5, 334749), 'voltage': 0.0}, 4: {'current': 0.0, 'time': datetime.datetime(2022, 10, 14, 15, 20, 5, 335783), 'voltage': 0.0}}
18:20:07,342 DriverIml INFO {1: {'current': 0.0, 'time': datetime.datetime(2022, 10, 14, 15, 20, 7, 339802), 'voltage': 0.0}, 2: {'current': 0.0, 'time': datetime.datetime(2022, 10, 14, 15, 20, 7, 340673), 'voltage': 0.0}, 3: {'current': 0.0, 'time': datetime.datetime(2022, 10, 14, 15, 20, 7, 341550), 'voltage': 0.0}, 4: {'current': 0.0, 'time': datetime.datetime(2022, 10, 14, 15, 20, 7, 342192), 'voltage': 0.0}}
18:20:09,348 DriverIml INFO {1: {'current': 0.0, 'time': datetime.datetime(2022, 10, 14, 15, 20, 9, 345409), 'voltage': 0.0}, 2: {'current': 0.0, 'time': datetime.datetime(2022, 10, 14, 15, 20, 9, 346389), 'voltage': 0.0}, 3: {'current': 0.0, 'time': datetime.datetime(2022, 10, 14, 15, 20, 9, 347271), 'voltage': 0.0}, 4: {'current': 0.0, 'time': datetime.datetime(2022, 10, 14, 15, 20, 9, 348086), 'voltage': 0.0}}
18:20:11,355 DriverIml INFO {1: {'current': 0.0, 'time': datetime.datetime(2022, 10, 14, 15, 20, 11, 352077), 'voltage': 0.0}, 2: {'current': 0.0, 'time': datetime.datetime(2022, 10, 14, 15, 20, 11, 353076), 'voltage': 0.0}, 3: {'current': 0.0, 'time': datetime.datetime(2022, 10, 14, 15, 20, 11, 354091), 'voltage': 0.0}, 4: {'current': 0.0, 'time': datetime.datetime(2022, 10, 14, 15, 20, 11, 355013), 'voltage': 0.0}}
18:20:13,360 DriverIml INFO {1: {'current': 0.0, 'time': datetime.datetime(2022, 10, 14, 15, 20, 13, 357416), 'voltage': 0.0}, 2: {'current': 0.0, 'time': datetime.datetime(2022, 10, 14, 15, 20, 13, 358311), 'voltage': 0.0}, 3: {'current': 0.0, 'time': datetime.datetime(2022, 10, 14, 15, 20, 13, 359088), 'voltage': 0.0}, 4: {'current': 0.0, 'time': datetime.datetime(2022, 10, 14, 15, 20, 13, 359891), 'voltage': 0.0}}
18:20:15,365 DriverIml INFO {1: {'current': 0.0, 'time': datetime.datetime(2022, 10, 14, 15, 20, 15, 363604), 'voltage': 0.0}, 2: {'current': 0.0, 'time': datetime.datetime(2022, 10, 14, 15, 20, 15, 364100), 'voltage': 0.0}, 3: {'current': 0.0, 'time': datetime.datetime(2022, 10, 14, 15, 20, 15, 364633), 'voltage': 0.0}, 4: {'current': 0.0, 'time': datetime.datetime(2022, 10, 14, 15, 20, 15, 365125), 'voltage': 0.0}}
18:20:17,371 DriverIml INFO {1: {'current': 0.0, 'time': datetime.datetime(2022, 10, 14, 15, 20, 17, 368999), 'voltage': 0.0}, 2: {'current': 0.0, 'time': datetime.datetime(2022, 10, 14, 15, 20, 17, 369966), 'voltage': 0.0}, 3: {'current': 0.0, 'time': datetime.datetime(2022, 10, 14, 15, 20, 17, 370833), 'voltage': 0.0}, 4: {'current': 0.0, 'time': datetime.datetime(2022, 10, 14, 15, 20, 17, 371462), 'voltage': 0.0}}
18:20:19,378 DriverIml INFO {1: {'current': 0.0, 'time': datetime.datetime(2022, 10, 14, 15, 20, 19, 375343), 'voltage': 0.0}, 2: {'current': 0.0, 'time': datetime.datetime(2022, 10, 14, 15, 20, 19, 376295), 'voltage': 0.0}, 3: {'current': 0.0, 'time': datetime.datetime(2022, 10, 14, 15, 20, 19, 377146), 'voltage': 0.0}, 4: {'current': 0.0, 'time': datetime.datetime(2022, 10, 14, 15, 20, 19, 378038), 'voltage': 0.0}}
18:20:21,384 DriverIml INFO {1: {'current': 0.0, 'time': datetime.datetime(2022, 10, 14, 15, 20, 21, 381905), 'voltage': 0.0}, 2: {'current': 0.0, 'time': datetime.datetime(2022, 10, 14, 15, 20, 21, 382912), 'voltage': 0.0}, 3: {'current': 0.0, 'time': datetime.datetime(2022, 10, 14, 15, 20, 21, 383823), 'voltage': 0.0}, 4: {'current': 0.0, 'time': datetime.datetime(2022, 10, 14, 15, 20, 21, 384626), 'voltage': 0.0}}
18:20:23,390 DriverIml INFO {1: {'current': 0.0, 'time': datetime.datetime(2022, 10, 14, 15, 20, 23, 387467), 'voltage': 0.0}, 2: {'current': 0.0, 'time': datetime.datetime(2022, 10, 14, 15, 20, 23, 388597), 'voltage': 0.0}, 3: {'current': 0.0, 'time': datetime.datetime(2022, 10, 14, 15, 20, 23, 389585), 'voltage': 0.0}, 4: {'current': 0.0, 'time': datetime.datetime(2022, 10, 14, 15, 20, 23, 390471), 'voltage': 0.0}}
18:20:25,397 DriverIml INFO {1: {'current': 0.0, 'time': datetime.datetime(2022, 10, 14, 15, 20, 25, 394249), 'voltage': 0.0}, 2: {'current': 0.0, 'time': datetime.datetime(2022, 10, 14, 15, 20, 25, 395301), 'voltage': 0.0}, 3: {'current': 0.0, 'time': datetime.datetime(2022, 10, 14, 15, 20, 25, 396311), 'voltage': 0.0}, 4: {'current': 0.0, 'time': datetime.datetime(2022, 10, 14, 15, 20, 25, 397042), 'voltage': 0.0}}
18:20:27,403 DriverIml INFO {1: {'current': 0.0, 'time': datetime.datetime(2022, 10, 14, 15, 20, 27, 400428), 'voltage': 0.0}, 2: {'current': 0.0, 'time': datetime.datetime(2022, 10, 14, 15, 20, 27, 401532), 'voltage': 0.0}, 3: {'current': 0.0, 'time': datetime.datetime(2022, 10, 14, 15, 20, 27, 402497), 'voltage': 0.0}, 4: {'current': 0.0, 'time': datetime.datetime(2022, 10, 14, 15, 20, 27, 403547), 'voltage': 0.0}}
18:20:29,409 DriverIml INFO {1: {'current': 0.0, 'time': datetime.datetime(2022, 10, 14, 15, 20, 29, 406413), 'voltage': 0.0}, 2: {'current': 0.0, 'time': datetime.datetime(2022, 10, 14, 15, 20, 29, 407491), 'voltage': 0.0}, 3: {'current': 0.0, 'time': datetime.datetime(2022, 10, 14, 15, 20, 29, 408411), 'voltage': 0.0}, 4: {'current': 0.0, 'time': datetime.datetime(2022, 10, 14, 15, 20, 29, 409186), 'voltage': 0.0}}
18:20:31,416 DriverIml INFO {1: {'current': 0.0, 'time': datetime.datetime(2022, 10, 14, 15, 20, 31, 412984), 'voltage': 0.0}, 2: {'current': 0.0, 'time': datetime.datetime(2022, 10, 14, 15, 20, 31, 414042), 'voltage': 0.0}, 3: {'current': 0.0, 'time': datetime.datetime(2022, 10, 14, 15, 20, 31, 415154), 'voltage': 0.0}, 4: {'current': 0.0, 'time': datetime.datetime(2022, 10, 14, 15, 20, 31, 416069), 'voltage': 0.0}}
18:20:33,423 DriverIml INFO {1: {'current': 0.0, 'time': datetime.datetime(2022, 10, 14, 15, 20, 33, 419973), 'voltage': 0.0}, 2: {'current': 0.0, 'time': datetime.datetime(2022, 10, 14, 15, 20, 33, 421077), 'voltage': 0.0}, 3: {'current': 0.0, 'time': datetime.datetime(2022, 10, 14, 15, 20, 33, 422006), 'voltage': 0.0}, 4: {'current': 0.0, 'time': datetime.datetime(2022, 10, 14, 15, 20, 33, 423038), 'voltage': 0.0}}
18:20:35,430 DriverIml INFO {1: {'current': 0.0, 'time': datetime.datetime(2022, 10, 14, 15, 20, 35, 426982), 'voltage': 0.0}, 2: {'current': 0.0, 'time': datetime.datetime(2022, 10, 14, 15, 20, 35, 428004), 'voltage': 0.0}, 3: {'current': 0.0, 'time': datetime.datetime(2022, 10, 14, 15, 20, 35, 428998), 'voltage': 0.0}, 4: {'current': 0.0, 'time': datetime.datetime(2022, 10, 14, 15, 20, 35, 429906), 'voltage': 0.0}}
18:20:37,436 DriverIml INFO {1: {'current': 0.0, 'time': datetime.datetime(2022, 10, 14, 15, 20, 37, 433152), 'voltage': 0.0}, 2: {'current': 0.0, 'time': datetime.datetime(2022, 10, 14, 15, 20, 37, 434178), 'voltage': 0.0}, 3: {'current': 0.0, 'time': datetime.datetime(2022, 10, 14, 15, 20, 37, 435074), 'voltage': 0.0}, 4: {'current': 0.0, 'time': datetime.datetime(2022, 10, 14, 15, 20, 37, 435925), 'voltage': 0.0}}
18:20:39,442 DriverIml INFO {1: {'current': 0.0, 'time': datetime.datetime(2022, 10, 14, 15, 20, 39, 439919), 'voltage': 0.0}, 2: {'current': 0.0, 'time': datetime.datetime(2022, 10, 14, 15, 20, 39, 440935), 'voltage': 0.0}, 3: {'current': 0.0, 'time': datetime.datetime(2022, 10, 14, 15, 20, 39, 441635), 'voltage': 0.0}, 4: {'current': 0.0, 'time': datetime.datetime(2022, 10, 14, 15, 20, 39, 442361), 'voltage': 0.0}}
18:20:41,449 DriverIml INFO {1: {'current': 0.0, 'time': datetime.datetime(2022, 10, 14, 15, 20, 41, 446370), 'voltage': 0.0}, 2: {'current': 0.0, 'time': datetime.datetime(2022, 10, 14, 15, 20, 41, 447469), 'voltage': 0.0}, 3: {'current': 0.0, 'time': datetime.datetime(2022, 10, 14, 15, 20, 41, 448357), 'voltage': 0.0}, 4: {'current': 0.0, 'time': datetime.datetime(2022, 10, 14, 15, 20, 41, 449198), 'voltage': 0.0}}
18:20:43,456 DriverIml INFO {1: {'current': 0.0, 'time': datetime.datetime(2022, 10, 14, 15, 20, 43, 453221), 'voltage': 0.0}, 2: {'current': 0.0, 'time': datetime.datetime(2022, 10, 14, 15, 20, 43, 454278), 'voltage': 0.0}, 3: {'current': 0.0, 'time': datetime.datetime(2022, 10, 14, 15, 20, 43, 455265), 'voltage': 0.0}, 4: {'current': 0.0, 'time': datetime.datetime(2022, 10, 14, 15, 20, 43, 456105), 'voltage': 0.0}}
18:20:45,463 DriverIml INFO {1: {'current': 0.0, 'time': datetime.datetime(2022, 10, 14, 15, 20, 45, 460032), 'voltage': 0.0}, 2: {'current': 0.0, 'time': datetime.datetime(2022, 10, 14, 15, 20, 45, 460956), 'voltage': 0.0}, 3: {'current': 0.0, 'time': datetime.datetime(2022, 10, 14, 15, 20, 45, 461859), 'voltage': 0.0}, 4: {'current': 0.0, 'time': datetime.datetime(2022, 10, 14, 15, 20, 45, 462582), 'voltage': 0.0}}
18:20:47,469 DriverIml INFO {1: {'current': 0.0, 'time': datetime.datetime(2022, 10, 14, 15, 20, 47, 466690), 'voltage': 0.0}, 2: {'current': 0.0, 'time': datetime.datetime(2022, 10, 14, 15, 20, 47, 467623), 'voltage': 0.0}, 3: {'current': 0.0, 'time': datetime.datetime(2022, 10, 14, 15, 20, 47, 468559), 'voltage': 0.0}, 4: {'current': 0.0, 'time': datetime.datetime(2022, 10, 14, 15, 20, 47, 469360), 'voltage': 0.0}}
18:20:49,475 DriverIml INFO {1: {'current': 0.0, 'time': datetime.datetime(2022, 10, 14, 15, 20, 49, 472295), 'voltage': 0.0}, 2: {'current': 0.0, 'time': datetime.datetime(2022, 10, 14, 15, 20, 49, 473346), 'voltage': 0.0}, 3: {'current': 0.0, 'time': datetime.datetime(2022, 10, 14, 15, 20, 49, 474210), 'voltage': 0.0}, 4: {'current': 0.0, 'time': datetime.datetime(2022, 10, 14, 15, 20, 49, 475088), 'voltage': 0.0}}
18:20:51,455 aiohttp.access INFO 127.0.0.1 [14/Oct/2022:15:20:51 +0000] "GET /get_values/4 HTTP/1.1" 200 234 "-" "Mozilla/5.0 (X11; Linux x86_64) AppleWebKit/537.36 (KHTML, like Gecko) Chrome/102.0.0.0 Safari/537.36"
18:20:51,480 DriverIml INFO {1: {'current': 0.0, 'time': datetime.datetime(2022, 10, 14, 15, 20, 51, 477930), 'voltage': 0.0}, 2: {'current': 0.0, 'time': datetime.datetime(2022, 10, 14, 15, 20, 51, 478944), 'voltage': 0.0}, 3: {'current': 0.0, 'time': datetime.datetime(2022, 10, 14, 15, 20, 51, 479822), 'voltage': 0.0}, 4: {'current': 0.0, 'time': datetime.datetime(2022, 10, 14, 15, 20, 51, 480739), 'voltage': 0.0}}
18:20:53,487 DriverIml INFO {1: {'current': 0.0, 'time': datetime.datetime(2022, 10, 14, 15, 20, 53, 484455), 'voltage': 0.0}, 2: {'current': 0.0, 'time': datetime.datetime(2022, 10, 14, 15, 20, 53, 485431), 'voltage': 0.0}, 3: {'current': 0.0, 'time': datetime.datetime(2022, 10, 14, 15, 20, 53, 486194), 'voltage': 0.0}, 4: {'current': 0.0, 'time': datetime.datetime(2022, 10, 14, 15, 20, 53, 487284), 'voltage': 0.0}}
18:20:55,492 DriverIml INFO {1: {'current': 0.0, 'time': datetime.datetime(2022, 10, 14, 15, 20, 55, 489477), 'voltage': 0.0}, 2: {'current': 0.0, 'time': datetime.datetime(2022, 10, 14, 15, 20, 55, 490406), 'voltage': 0.0}, 3: {'current': 0.0, 'time': datetime.datetime(2022, 10, 14, 15, 20, 55, 491181), 'voltage': 0.0}, 4: {'current': 0.0, 'time': datetime.datetime(2022, 10, 14, 15, 20, 55, 492278), 'voltage': 0.0}}
18:20:57,499 DriverIml INFO {1: {'current': 0.0, 'time': datetime.datetime(2022, 10, 14, 15, 20, 57, 496185), 'voltage': 0.0}, 2: {'current': 0.0, 'time': datetime.datetime(2022, 10, 14, 15, 20, 57, 497244), 'voltage': 0.0}, 3: {'current': 0.0, 'time': datetime.datetime(2022, 10, 14, 15, 20, 57, 497917), 'voltage': 0.0}, 4: {'current': 0.0, 'time': datetime.datetime(2022, 10, 14, 15, 20, 57, 498846), 'voltage': 0.0}}
18:20:59,504 DriverIml INFO {1: {'current': 0.0, 'time': datetime.datetime(2022, 10, 14, 15, 20, 59, 501579), 'voltage': 0.0}, 2: {'current': 0.0, 'time': datetime.datetime(2022, 10, 14, 15, 20, 59, 502565), 'voltage': 0.0}, 3: {'current': 0.0, 'time': datetime.datetime(2022, 10, 14, 15, 20, 59, 503413), 'voltage': 0.0}, 4: {'current': 0.0, 'time': datetime.datetime(2022, 10, 14, 15, 20, 59, 504038), 'voltage': 0.0}}
18:21:01,508 DriverIml INFO {1: {'current': 0.0, 'time': datetime.datetime(2022, 10, 14, 15, 21, 1, 507433), 'voltage': 0.0}, 2: {'current': 0.0, 'time': datetime.datetime(2022, 10, 14, 15, 21, 1, 507885), 'voltage': 0.0}, 3: {'current': 0.0, 'time': datetime.datetime(2022, 10, 14, 15, 21, 1, 508253), 'voltage': 0.0}, 4: {'current': 0.0, 'time': datetime.datetime(2022, 10, 14, 15, 21, 1, 508580), 'voltage': 0.0}}
18:21:03,515 DriverIml INFO {1: {'current': 0.0, 'time': datetime.datetime(2022, 10, 14, 15, 21, 3, 511971), 'voltage': 0.0}, 2: {'current': 0.0, 'time': datetime.datetime(2022, 10, 14, 15, 21, 3, 513031), 'voltage': 0.0}, 3: {'current': 0.0, 'time': datetime.datetime(2022, 10, 14, 15, 21, 3, 513960), 'voltage': 0.0}, 4: {'current': 0.0, 'time': datetime.datetime(2022, 10, 14, 15, 21, 3, 514828), 'voltage': 0.0}}
18:21:05,519 DriverIml INFO {1: {'current': 0.0, 'time': datetime.datetime(2022, 10, 14, 15, 21, 5, 517783), 'voltage': 0.0}, 2: {'current': 0.0, 'time': datetime.datetime(2022, 10, 14, 15, 21, 5, 518381), 'voltage': 0.0}, 3: {'current': 0.0, 'time': datetime.datetime(2022, 10, 14, 15, 21, 5, 519122), 'voltage': 0.0}, 4: {'current': 0.0, 'time': datetime.datetime(2022, 10, 14, 15, 21, 5, 519674), 'voltage': 0.0}}
18:21:07,525 DriverIml INFO {1: {'current': 0.0, 'time': datetime.datetime(2022, 10, 14, 15, 21, 7, 522593), 'voltage': 0.0}, 2: {'current': 0.0, 'time': datetime.datetime(2022, 10, 14, 15, 21, 7, 523594), 'voltage': 0.0}, 3: {'current': 0.0, 'time': datetime.datetime(2022, 10, 14, 15, 21, 7, 524358), 'voltage': 0.0}, 4: {'current': 0.0, 'time': datetime.datetime(2022, 10, 14, 15, 21, 7, 525109), 'voltage': 0.0}}
18:21:09,532 DriverIml INFO {1: {'current': 0.0, 'time': datetime.datetime(2022, 10, 14, 15, 21, 9, 529015), 'voltage': 0.0}, 2: {'current': 0.0, 'time': datetime.datetime(2022, 10, 14, 15, 21, 9, 529976), 'voltage': 0.0}, 3: {'current': 0.0, 'time': datetime.datetime(2022, 10, 14, 15, 21, 9, 531031), 'voltage': 0.0}, 4: {'current': 0.0, 'time': datetime.datetime(2022, 10, 14, 15, 21, 9, 531902), 'voltage': 0.0}}
18:21:11,538 DriverIml INFO {1: {'current': 0.0, 'time': datetime.datetime(2022, 10, 14, 15, 21, 11, 535858), 'voltage': 0.0}, 2: {'current': 0.0, 'time': datetime.datetime(2022, 10, 14, 15, 21, 11, 536823), 'voltage': 0.0}, 3: {'current': 0.0, 'time': datetime.datetime(2022, 10, 14, 15, 21, 11, 537682), 'voltage': 0.0}, 4: {'current': 0.0, 'time': datetime.datetime(2022, 10, 14, 15, 21, 11, 538522), 'voltage': 0.0}}
18:21:13,543 DriverIml INFO {1: {'current': 0.0, 'time': datetime.datetime(2022, 10, 14, 15, 21, 13, 541417), 'voltage': 0.0}, 2: {'current': 0.0, 'time': datetime.datetime(2022, 10, 14, 15, 21, 13, 542244), 'voltage': 0.0}, 3: {'current': 0.0, 'time': datetime.datetime(2022, 10, 14, 15, 21, 13, 542996), 'voltage': 0.0}, 4: {'current': 0.0, 'time': datetime.datetime(2022, 10, 14, 15, 21, 13, 543458), 'voltage': 0.0}}
18:21:15,547 DriverIml INFO {1: {'current': 0.0, 'time': datetime.datetime(2022, 10, 14, 15, 21, 15, 545361), 'voltage': 0.0}, 2: {'current': 0.0, 'time': datetime.datetime(2022, 10, 14, 15, 21, 15, 546153), 'voltage': 0.0}, 3: {'current': 0.0, 'time': datetime.datetime(2022, 10, 14, 15, 21, 15, 546942), 'voltage': 0.0}, 4: {'current': 0.0, 'time': datetime.datetime(2022, 10, 14, 15, 21, 15, 547725), 'voltage': 0.0}}
18:43:20,269 DriverIml INFO {1: {'current': 0.0, 'time': datetime.datetime(2022, 10, 14, 15, 43, 20, 267499), 'voltage': 0.0}, 2: {'current': 0.0, 'time': datetime.datetime(2022, 10, 14, 15, 43, 20, 268137), 'voltage': 0.0}, 3: {'current': 0.0, 'time': datetime.datetime(2022, 10, 14, 15, 43, 20, 268682), 'voltage': 0.0}, 4: {'current': 0.0, 'time': datetime.datetime(2022, 10, 14, 15, 43, 20, 269222), 'voltage': 0.0}}
18:43:22,274 DriverIml INFO {1: {'current': 0.0, 'time': datetime.datetime(2022, 10, 14, 15, 43, 22, 273234), 'voltage': 0.0}, 2: {'current': 0.0, 'time': datetime.datetime(2022, 10, 14, 15, 43, 22, 273777), 'voltage': 0.0}, 3: {'current': 0.0, 'time': datetime.datetime(2022, 10, 14, 15, 43, 22, 274325), 'voltage': 0.0}, 4: {'current': 0.0, 'time': datetime.datetime(2022, 10, 14, 15, 43, 22, 274715), 'voltage': 0.0}}
18:43:24,278 DriverIml INFO {1: {'current': 0.0, 'time': datetime.datetime(2022, 10, 14, 15, 43, 24, 277264), 'voltage': 0.0}, 2: {'current': 0.0, 'time': datetime.datetime(2022, 10, 14, 15, 43, 24, 277920), 'voltage': 0.0}, 3: {'current': 0.0, 'time': datetime.datetime(2022, 10, 14, 15, 43, 24, 278318), 'voltage': 0.0}, 4: {'current': 0.0, 'time': datetime.datetime(2022, 10, 14, 15, 43, 24, 278705), 'voltage': 0.0}}
18:43:26,282 DriverIml INFO {1: {'current': 0.0, 'time': datetime.datetime(2022, 10, 14, 15, 43, 26, 281059), 'voltage': 0.0}, 2: {'current': 0.0, 'time': datetime.datetime(2022, 10, 14, 15, 43, 26, 281546), 'voltage': 0.0}, 3: {'current': 0.0, 'time': datetime.datetime(2022, 10, 14, 15, 43, 26, 282031), 'voltage': 0.0}, 4: {'current': 0.0, 'time': datetime.datetime(2022, 10, 14, 15, 43, 26, 282459), 'voltage': 0.0}}
18:43:28,289 DriverIml INFO {1: {'current': 0.0, 'time': datetime.datetime(2022, 10, 14, 15, 43, 28, 286159), 'voltage': 0.0}, 2: {'current': 0.0, 'time': datetime.datetime(2022, 10, 14, 15, 43, 28, 287237), 'voltage': 0.0}, 3: {'current': 0.0, 'time': datetime.datetime(2022, 10, 14, 15, 43, 28, 288230), 'voltage': 0.0}, 4: {'current': 0.0, 'time': datetime.datetime(2022, 10, 14, 15, 43, 28, 289211), 'voltage': 0.0}}
18:43:30,295 DriverIml INFO {1: {'current': 0.0, 'time': datetime.datetime(2022, 10, 14, 15, 43, 30, 292654), 'voltage': 0.0}, 2: {'current': 0.0, 'time': datetime.datetime(2022, 10, 14, 15, 43, 30, 293656), 'voltage': 0.0}, 3: {'current': 0.0, 'time': datetime.datetime(2022, 10, 14, 15, 43, 30, 294582), 'voltage': 0.0}, 4: {'current': 0.0, 'time': datetime.datetime(2022, 10, 14, 15, 43, 30, 295343), 'voltage': 0.0}}
18:43:32,301 DriverIml INFO {1: {'current': 0.0, 'time': datetime.datetime(2022, 10, 14, 15, 43, 32, 298645), 'voltage': 0.0}, 2: {'current': 0.0, 'time': datetime.datetime(2022, 10, 14, 15, 43, 32, 299683), 'voltage': 0.0}, 3: {'current': 0.0, 'time': datetime.datetime(2022, 10, 14, 15, 43, 32, 300801), 'voltage': 0.0}, 4: {'current': 0.0, 'time': datetime.datetime(2022, 10, 14, 15, 43, 32, 301543), 'voltage': 0.0}}
18:43:34,308 DriverIml INFO {1: {'current': 0.0, 'time': datetime.datetime(2022, 10, 14, 15, 43, 34, 304622), 'voltage': 0.0}, 2: {'current': 0.0, 'time': datetime.datetime(2022, 10, 14, 15, 43, 34, 305655), 'voltage': 0.0}, 3: {'current': 0.0, 'time': datetime.datetime(2022, 10, 14, 15, 43, 34, 306555), 'voltage': 0.0}, 4: {'current': 0.0, 'time': datetime.datetime(2022, 10, 14, 15, 43, 34, 308182), 'voltage': 0.0}}
18:43:36,313 DriverIml INFO {1: {'current': 0.0, 'time': datetime.datetime(2022, 10, 14, 15, 43, 36, 311742), 'voltage': 0.0}, 2: {'current': 0.0, 'time': datetime.datetime(2022, 10, 14, 15, 43, 36, 312444), 'voltage': 0.0}, 3: {'current': 0.0, 'time': datetime.datetime(2022, 10, 14, 15, 43, 36, 313090), 'voltage': 0.0}, 4: {'current': 0.0, 'time': datetime.datetime(2022, 10, 14, 15, 43, 36, 313675), 'voltage': 0.0}}
18:43:38,320 DriverIml INFO {1: {'current': 0.0, 'time': datetime.datetime(2022, 10, 14, 15, 43, 38, 317441), 'voltage': 0.0}, 2: {'current': 0.0, 'time': datetime.datetime(2022, 10, 14, 15, 43, 38, 318454), 'voltage': 0.0}, 3: {'current': 0.0, 'time': datetime.datetime(2022, 10, 14, 15, 43, 38, 319415), 'voltage': 0.0}, 4: {'current': 0.0, 'time': datetime.datetime(2022, 10, 14, 15, 43, 38, 320027), 'voltage': 0.0}}
18:43:40,326 DriverIml INFO {1: {'current': 0.0, 'time': datetime.datetime(2022, 10, 14, 15, 43, 40, 323743), 'voltage': 0.0}, 2: {'current': 0.0, 'time': datetime.datetime(2022, 10, 14, 15, 43, 40, 324617), 'voltage': 0.0}, 3: {'current': 0.0, 'time': datetime.datetime(2022, 10, 14, 15, 43, 40, 325524), 'voltage': 0.0}, 4: {'current': 0.0, 'time': datetime.datetime(2022, 10, 14, 15, 43, 40, 326172), 'voltage': 0.0}}
18:43:42,332 DriverIml INFO {1: {'current': 0.0, 'time': datetime.datetime(2022, 10, 14, 15, 43, 42, 329432), 'voltage': 0.0}, 2: {'current': 0.0, 'time': datetime.datetime(2022, 10, 14, 15, 43, 42, 330433), 'voltage': 0.0}, 3: {'current': 0.0, 'time': datetime.datetime(2022, 10, 14, 15, 43, 42, 331400), 'voltage': 0.0}, 4: {'current': 0.0, 'time': datetime.datetime(2022, 10, 14, 15, 43, 42, 332358), 'voltage': 0.0}}
18:43:44,339 DriverIml INFO {1: {'current': 0.0, 'time': datetime.datetime(2022, 10, 14, 15, 43, 44, 336406), 'voltage': 0.0}, 2: {'current': 0.0, 'time': datetime.datetime(2022, 10, 14, 15, 43, 44, 337394), 'voltage': 0.0}, 3: {'current': 0.0, 'time': datetime.datetime(2022, 10, 14, 15, 43, 44, 338373), 'voltage': 0.0}, 4: {'current': 0.0, 'time': datetime.datetime(2022, 10, 14, 15, 43, 44, 339078), 'voltage': 0.0}}
18:43:46,344 DriverIml INFO {1: {'current': 0.0, 'time': datetime.datetime(2022, 10, 14, 15, 43, 46, 341533), 'voltage': 0.0}, 2: {'current': 0.0, 'time': datetime.datetime(2022, 10, 14, 15, 43, 46, 342400), 'voltage': 0.0}, 3: {'current': 0.0, 'time': datetime.datetime(2022, 10, 14, 15, 43, 46, 343339), 'voltage': 0.0}, 4: {'current': 0.0, 'time': datetime.datetime(2022, 10, 14, 15, 43, 46, 344182), 'voltage': 0.0}}
18:43:48,350 DriverIml INFO {1: {'current': 0.0, 'time': datetime.datetime(2022, 10, 14, 15, 43, 48, 348058), 'voltage': 0.0}, 2: {'current': 0.0, 'time': datetime.datetime(2022, 10, 14, 15, 43, 48, 348973), 'voltage': 0.0}, 3: {'current': 0.0, 'time': datetime.datetime(2022, 10, 14, 15, 43, 48, 349869), 'voltage': 0.0}, 4: {'current': 0.0, 'time': datetime.datetime(2022, 10, 14, 15, 43, 48, 350639), 'voltage': 0.0}}
18:43:50,356 DriverIml INFO {1: {'current': 0.0, 'time': datetime.datetime(2022, 10, 14, 15, 43, 50, 353730), 'voltage': 0.0}, 2: {'current': 0.0, 'time': datetime.datetime(2022, 10, 14, 15, 43, 50, 354816), 'voltage': 0.0}, 3: {'current': 0.0, 'time': datetime.datetime(2022, 10, 14, 15, 43, 50, 355843), 'voltage': 0.0}, 4: {'current': 0.0, 'time': datetime.datetime(2022, 10, 14, 15, 43, 50, 356641), 'voltage': 0.0}}
18:43:52,363 DriverIml INFO {1: {'current': 0.0, 'time': datetime.datetime(2022, 10, 14, 15, 43, 52, 360615), 'voltage': 0.0}, 2: {'current': 0.0, 'time': datetime.datetime(2022, 10, 14, 15, 43, 52, 361592), 'voltage': 0.0}, 3: {'current': 0.0, 'time': datetime.datetime(2022, 10, 14, 15, 43, 52, 362646), 'voltage': 0.0}, 4: {'current': 0.0, 'time': datetime.datetime(2022, 10, 14, 15, 43, 52, 363541), 'voltage': 0.0}}
18:43:54,370 DriverIml INFO {1: {'current': 0.0, 'time': datetime.datetime(2022, 10, 14, 15, 43, 54, 367512), 'voltage': 0.0}, 2: {'current': 0.0, 'time': datetime.datetime(2022, 10, 14, 15, 43, 54, 368560), 'voltage': 0.0}, 3: {'current': 0.0, 'time': datetime.datetime(2022, 10, 14, 15, 43, 54, 369407), 'voltage': 0.0}, 4: {'current': 0.0, 'time': datetime.datetime(2022, 10, 14, 15, 43, 54, 370236), 'voltage': 0.0}}
18:43:56,377 DriverIml INFO {1: {'current': 0.0, 'time': datetime.datetime(2022, 10, 14, 15, 43, 56, 374160), 'voltage': 0.0}, 2: {'current': 0.0, 'time': datetime.datetime(2022, 10, 14, 15, 43, 56, 375213), 'voltage': 0.0}, 3: {'current': 0.0, 'time': datetime.datetime(2022, 10, 14, 15, 43, 56, 376126), 'voltage': 0.0}, 4: {'current': 0.0, 'time': datetime.datetime(2022, 10, 14, 15, 43, 56, 377121), 'voltage': 0.0}}
18:43:58,384 DriverIml INFO {1: {'current': 0.0, 'time': datetime.datetime(2022, 10, 14, 15, 43, 58, 381041), 'voltage': 0.0}, 2: {'current': 0.0, 'time': datetime.datetime(2022, 10, 14, 15, 43, 58, 382015), 'voltage': 0.0}, 3: {'current': 0.0, 'time': datetime.datetime(2022, 10, 14, 15, 43, 58, 383023), 'voltage': 0.0}, 4: {'current': 0.0, 'time': datetime.datetime(2022, 10, 14, 15, 43, 58, 383878), 'voltage': 0.0}}
18:44:00,391 DriverIml INFO {1: {'current': 0.0, 'time': datetime.datetime(2022, 10, 14, 15, 44, 0, 387963), 'voltage': 0.0}, 2: {'current': 0.0, 'time': datetime.datetime(2022, 10, 14, 15, 44, 0, 389244), 'voltage': 0.0}, 3: {'current': 0.0, 'time': datetime.datetime(2022, 10, 14, 15, 44, 0, 390219), 'voltage': 0.0}, 4: {'current': 0.0, 'time': datetime.datetime(2022, 10, 14, 15, 44, 0, 390964), 'voltage': 0.0}}
18:44:02,397 DriverIml INFO {1: {'current': 0.0, 'time': datetime.datetime(2022, 10, 14, 15, 44, 2, 394781), 'voltage': 0.0}, 2: {'current': 0.0, 'time': datetime.datetime(2022, 10, 14, 15, 44, 2, 395853), 'voltage': 0.0}, 3: {'current': 0.0, 'time': datetime.datetime(2022, 10, 14, 15, 44, 2, 396762), 'voltage': 0.0}, 4: {'current': 0.0, 'time': datetime.datetime(2022, 10, 14, 15, 44, 2, 397539), 'voltage': 0.0}}
18:44:04,404 DriverIml INFO {1: {'current': 0.0, 'time': datetime.datetime(2022, 10, 14, 15, 44, 4, 401511), 'voltage': 0.0}, 2: {'current': 0.0, 'time': datetime.datetime(2022, 10, 14, 15, 44, 4, 402560), 'voltage': 0.0}, 3: {'current': 0.0, 'time': datetime.datetime(2022, 10, 14, 15, 44, 4, 403397), 'voltage': 0.0}, 4: {'current': 0.0, 'time': datetime.datetime(2022, 10, 14, 15, 44, 4, 404291), 'voltage': 0.0}}
18:44:06,411 DriverIml INFO {1: {'current': 0.0, 'time': datetime.datetime(2022, 10, 14, 15, 44, 6, 408258), 'voltage': 0.0}, 2: {'current': 0.0, 'time': datetime.datetime(2022, 10, 14, 15, 44, 6, 409308), 'voltage': 0.0}, 3: {'current': 0.0, 'time': datetime.datetime(2022, 10, 14, 15, 44, 6, 410186), 'voltage': 0.0}, 4: {'current': 0.0, 'time': datetime.datetime(2022, 10, 14, 15, 44, 6, 411019), 'voltage': 0.0}}
18:44:08,418 DriverIml INFO {1: {'current': 0.0, 'time': datetime.datetime(2022, 10, 14, 15, 44, 8, 415053), 'voltage': 0.0}, 2: {'current': 0.0, 'time': datetime.datetime(2022, 10, 14, 15, 44, 8, 416088), 'voltage': 0.0}, 3: {'current': 0.0, 'time': datetime.datetime(2022, 10, 14, 15, 44, 8, 417098), 'voltage': 0.0}, 4: {'current': 0.0, 'time': datetime.datetime(2022, 10, 14, 15, 44, 8, 417925), 'voltage': 0.0}}
18:44:10,425 DriverIml INFO {1: {'current': 0.0, 'time': datetime.datetime(2022, 10, 14, 15, 44, 10, 422048), 'voltage': 0.0}, 2: {'current': 0.0, 'time': datetime.datetime(2022, 10, 14, 15, 44, 10, 423037), 'voltage': 0.0}, 3: {'current': 0.0, 'time': datetime.datetime(2022, 10, 14, 15, 44, 10, 424099), 'voltage': 0.0}, 4: {'current': 0.0, 'time': datetime.datetime(2022, 10, 14, 15, 44, 10, 424948), 'voltage': 0.0}}
18:44:12,432 DriverIml INFO {1: {'current': 0.0, 'time': datetime.datetime(2022, 10, 14, 15, 44, 12, 429288), 'voltage': 0.0}, 2: {'current': 0.0, 'time': datetime.datetime(2022, 10, 14, 15, 44, 12, 430305), 'voltage': 0.0}, 3: {'current': 0.0, 'time': datetime.datetime(2022, 10, 14, 15, 44, 12, 431204), 'voltage': 0.0}, 4: {'current': 0.0, 'time': datetime.datetime(2022, 10, 14, 15, 44, 12, 431965), 'voltage': 0.0}}
18:44:14,438 DriverIml INFO {1: {'current': 0.0, 'time': datetime.datetime(2022, 10, 14, 15, 44, 14, 435935), 'voltage': 0.0}, 2: {'current': 0.0, 'time': datetime.datetime(2022, 10, 14, 15, 44, 14, 436897), 'voltage': 0.0}, 3: {'current': 0.0, 'time': datetime.datetime(2022, 10, 14, 15, 44, 14, 437660), 'voltage': 0.0}, 4: {'current': 0.0, 'time': datetime.datetime(2022, 10, 14, 15, 44, 14, 438228), 'voltage': 0.0}}
18:44:16,444 DriverIml INFO {1: {'current': 0.0, 'time': datetime.datetime(2022, 10, 14, 15, 44, 16, 440988), 'voltage': 0.0}, 2: {'current': 0.0, 'time': datetime.datetime(2022, 10, 14, 15, 44, 16, 441898), 'voltage': 0.0}, 3: {'current': 0.0, 'time': datetime.datetime(2022, 10, 14, 15, 44, 16, 442756), 'voltage': 0.0}, 4: {'current': 0.0, 'time': datetime.datetime(2022, 10, 14, 15, 44, 16, 443747), 'voltage': 0.0}}
18:44:18,449 DriverIml INFO {1: {'current': 0.0, 'time': datetime.datetime(2022, 10, 14, 15, 44, 18, 446908), 'voltage': 0.0}, 2: {'current': 0.0, 'time': datetime.datetime(2022, 10, 14, 15, 44, 18, 447989), 'voltage': 0.0}, 3: {'current': 0.0, 'time': datetime.datetime(2022, 10, 14, 15, 44, 18, 448781), 'voltage': 0.0}, 4: {'current': 0.0, 'time': datetime.datetime(2022, 10, 14, 15, 44, 18, 449532), 'voltage': 0.0}}
18:44:20,456 DriverIml INFO {1: {'current': 0.0, 'time': datetime.datetime(2022, 10, 14, 15, 44, 20, 453539), 'voltage': 0.0}, 2: {'current': 0.0, 'time': datetime.datetime(2022, 10, 14, 15, 44, 20, 454540), 'voltage': 0.0}, 3: {'current': 0.0, 'time': datetime.datetime(2022, 10, 14, 15, 44, 20, 455262), 'voltage': 0.0}, 4: {'current': 0.0, 'time': datetime.datetime(2022, 10, 14, 15, 44, 20, 455990), 'voltage': 0.0}}
18:44:22,462 DriverIml INFO {1: {'current': 0.0, 'time': datetime.datetime(2022, 10, 14, 15, 44, 22, 459336), 'voltage': 0.0}, 2: {'current': 0.0, 'time': datetime.datetime(2022, 10, 14, 15, 44, 22, 460401), 'voltage': 0.0}, 3: {'current': 0.0, 'time': datetime.datetime(2022, 10, 14, 15, 44, 22, 461382), 'voltage': 0.0}, 4: {'current': 0.0, 'time': datetime.datetime(2022, 10, 14, 15, 44, 22, 462190), 'voltage': 0.0}}
18:44:24,469 DriverIml INFO {1: {'current': 0.0, 'time': datetime.datetime(2022, 10, 14, 15, 44, 24, 466138), 'voltage': 0.0}, 2: {'current': 0.0, 'time': datetime.datetime(2022, 10, 14, 15, 44, 24, 467080), 'voltage': 0.0}, 3: {'current': 0.0, 'time': datetime.datetime(2022, 10, 14, 15, 44, 24, 468088), 'voltage': 0.0}, 4: {'current': 0.0, 'time': datetime.datetime(2022, 10, 14, 15, 44, 24, 468970), 'voltage': 0.0}}
18:44:26,475 DriverIml INFO {1: {'current': 0.0, 'time': datetime.datetime(2022, 10, 14, 15, 44, 26, 472946), 'voltage': 0.0}, 2: {'current': 0.0, 'time': datetime.datetime(2022, 10, 14, 15, 44, 26, 474067), 'voltage': 0.0}, 3: {'current': 0.0, 'time': datetime.datetime(2022, 10, 14, 15, 44, 26, 474867), 'voltage': 0.0}, 4: {'current': 0.0, 'time': datetime.datetime(2022, 10, 14, 15, 44, 26, 475471), 'voltage': 0.0}}
18:44:28,480 DriverIml INFO {1: {'current': 0.0, 'time': datetime.datetime(2022, 10, 14, 15, 44, 28, 477481), 'voltage': 0.0}, 2: {'current': 0.0, 'time': datetime.datetime(2022, 10, 14, 15, 44, 28, 478377), 'voltage': 0.0}, 3: {'current': 0.0, 'time': datetime.datetime(2022, 10, 14, 15, 44, 28, 479374), 'voltage': 0.0}, 4: {'current': 0.0, 'time': datetime.datetime(2022, 10, 14, 15, 44, 28, 480292), 'voltage': 0.0}}
18:44:30,486 DriverIml INFO {1: {'current': 0.0, 'time': datetime.datetime(2022, 10, 14, 15, 44, 30, 483792), 'voltage': 0.0}, 2: {'current': 0.0, 'time': datetime.datetime(2022, 10, 14, 15, 44, 30, 484786), 'voltage': 0.0}, 3: {'current': 0.0, 'time': datetime.datetime(2022, 10, 14, 15, 44, 30, 485658), 'voltage': 0.0}, 4: {'current': 0.0, 'time': datetime.datetime(2022, 10, 14, 15, 44, 30, 486378), 'voltage': 0.0}}
18:44:32,492 DriverIml INFO {1: {'current': 0.0, 'time': datetime.datetime(2022, 10, 14, 15, 44, 32, 489414), 'voltage': 0.0}, 2: {'current': 0.0, 'time': datetime.datetime(2022, 10, 14, 15, 44, 32, 490459), 'voltage': 0.0}, 3: {'current': 0.0, 'time': datetime.datetime(2022, 10, 14, 15, 44, 32, 491345), 'voltage': 0.0}, 4: {'current': 0.0, 'time': datetime.datetime(2022, 10, 14, 15, 44, 32, 492167), 'voltage': 0.0}}
18:44:34,498 DriverIml INFO {1: {'current': 0.0, 'time': datetime.datetime(2022, 10, 14, 15, 44, 34, 495144), 'voltage': 0.0}, 2: {'current': 0.0, 'time': datetime.datetime(2022, 10, 14, 15, 44, 34, 496056), 'voltage': 0.0}, 3: {'current': 0.0, 'time': datetime.datetime(2022, 10, 14, 15, 44, 34, 497007), 'voltage': 0.0}, 4: {'current': 0.0, 'time': datetime.datetime(2022, 10, 14, 15, 44, 34, 497794), 'voltage': 0.0}}
18:44:36,504 DriverIml INFO {1: {'current': 0.0, 'time': datetime.datetime(2022, 10, 14, 15, 44, 36, 501504), 'voltage': 0.0}, 2: {'current': 0.0, 'time': datetime.datetime(2022, 10, 14, 15, 44, 36, 502508), 'voltage': 0.0}, 3: {'current': 0.0, 'time': datetime.datetime(2022, 10, 14, 15, 44, 36, 503204), 'voltage': 0.0}, 4: {'current': 0.0, 'time': datetime.datetime(2022, 10, 14, 15, 44, 36, 504014), 'voltage': 0.0}}
18:44:38,510 DriverIml INFO {1: {'current': 0.0, 'time': datetime.datetime(2022, 10, 14, 15, 44, 38, 507934), 'voltage': 0.0}, 2: {'current': 0.0, 'time': datetime.datetime(2022, 10, 14, 15, 44, 38, 509034), 'voltage': 0.0}, 3: {'current': 0.0, 'time': datetime.datetime(2022, 10, 14, 15, 44, 38, 509846), 'voltage': 0.0}, 4: {'current': 0.0, 'time': datetime.datetime(2022, 10, 14, 15, 44, 38, 510623), 'voltage': 0.0}}
18:44:40,517 DriverIml INFO {1: {'current': 0.0, 'time': datetime.datetime(2022, 10, 14, 15, 44, 40, 514378), 'voltage': 0.0}, 2: {'current': 0.0, 'time': datetime.datetime(2022, 10, 14, 15, 44, 40, 515435), 'voltage': 0.0}, 3: {'current': 0.0, 'time': datetime.datetime(2022, 10, 14, 15, 44, 40, 516319), 'voltage': 0.0}, 4: {'current': 0.0, 'time': datetime.datetime(2022, 10, 14, 15, 44, 40, 517227), 'voltage': 0.0}}
18:44:42,524 DriverIml INFO {1: {'current': 0.0, 'time': datetime.datetime(2022, 10, 14, 15, 44, 42, 521301), 'voltage': 0.0}, 2: {'current': 0.0, 'time': datetime.datetime(2022, 10, 14, 15, 44, 42, 522367), 'voltage': 0.0}, 3: {'current': 0.0, 'time': datetime.datetime(2022, 10, 14, 15, 44, 42, 523337), 'voltage': 0.0}, 4: {'current': 0.0, 'time': datetime.datetime(2022, 10, 14, 15, 44, 42, 524165), 'voltage': 0.0}}
18:44:44,531 DriverIml INFO {1: {'current': 0.0, 'time': datetime.datetime(2022, 10, 14, 15, 44, 44, 528255), 'voltage': 0.0}, 2: {'current': 0.0, 'time': datetime.datetime(2022, 10, 14, 15, 44, 44, 529280), 'voltage': 0.0}, 3: {'current': 0.0, 'time': datetime.datetime(2022, 10, 14, 15, 44, 44, 530257), 'voltage': 0.0}, 4: {'current': 0.0, 'time': datetime.datetime(2022, 10, 14, 15, 44, 44, 531116), 'voltage': 0.0}}
18:44:46,538 DriverIml INFO {1: {'current': 0.0, 'time': datetime.datetime(2022, 10, 14, 15, 44, 46, 535078), 'voltage': 0.0}, 2: {'current': 0.0, 'time': datetime.datetime(2022, 10, 14, 15, 44, 46, 536083), 'voltage': 0.0}, 3: {'current': 0.0, 'time': datetime.datetime(2022, 10, 14, 15, 44, 46, 537089), 'voltage': 0.0}, 4: {'current': 0.0, 'time': datetime.datetime(2022, 10, 14, 15, 44, 46, 538035), 'voltage': 0.0}}
18:44:48,545 DriverIml INFO {1: {'current': 0.0, 'time': datetime.datetime(2022, 10, 14, 15, 44, 48, 542050), 'voltage': 0.0}, 2: {'current': 0.0, 'time': datetime.datetime(2022, 10, 14, 15, 44, 48, 543030), 'voltage': 0.0}, 3: {'current': 0.0, 'time': datetime.datetime(2022, 10, 14, 15, 44, 48, 543897), 'voltage': 0.0}, 4: {'current': 0.0, 'time': datetime.datetime(2022, 10, 14, 15, 44, 48, 544749), 'voltage': 0.0}}
18:44:50,551 DriverIml INFO {1: {'current': 0.0, 'time': datetime.datetime(2022, 10, 14, 15, 44, 50, 548719), 'voltage': 0.0}, 2: {'current': 0.0, 'time': datetime.datetime(2022, 10, 14, 15, 44, 50, 549743), 'voltage': 0.0}, 3: {'current': 0.0, 'time': datetime.datetime(2022, 10, 14, 15, 44, 50, 550777), 'voltage': 0.0}, 4: {'current': 0.0, 'time': datetime.datetime(2022, 10, 14, 15, 44, 50, 551646), 'voltage': 0.0}}
18:44:52,556 DriverIml INFO {1: {'current': 0.0, 'time': datetime.datetime(2022, 10, 14, 15, 44, 52, 554798), 'voltage': 0.0}, 2: {'current': 0.0, 'time': datetime.datetime(2022, 10, 14, 15, 44, 52, 555625), 'voltage': 0.0}, 3: {'current': 0.0, 'time': datetime.datetime(2022, 10, 14, 15, 44, 52, 556141), 'voltage': 0.0}, 4: {'current': 0.0, 'time': datetime.datetime(2022, 10, 14, 15, 44, 52, 556737), 'voltage': 0.0}}
18:44:54,562 DriverIml INFO {1: {'current': 0.0, 'time': datetime.datetime(2022, 10, 14, 15, 44, 54, 560139), 'voltage': 0.0}, 2: {'current': 0.0, 'time': datetime.datetime(2022, 10, 14, 15, 44, 54, 560831), 'voltage': 0.0}, 3: {'current': 0.0, 'time': datetime.datetime(2022, 10, 14, 15, 44, 54, 561251), 'voltage': 0.0}, 4: {'current': 0.0, 'time': datetime.datetime(2022, 10, 14, 15, 44, 54, 561974), 'voltage': 0.0}}
18:44:54,573 aiohttp.access INFO 127.0.0.1 [14/Oct/2022:15:44:54 +0000] "GET /get_values/4 HTTP/1.1" 200 234 "-" "Mozilla/5.0 (X11; Linux x86_64) AppleWebKit/537.36 (KHTML, like Gecko) Chrome/102.0.0.0 Safari/537.36"
18:44:55,409 aiohttp.access INFO 127.0.0.1 [14/Oct/2022:15:44:55 +0000] "GET /get_values/4 HTTP/1.1" 200 234 "-" "Mozilla/5.0 (X11; Linux x86_64) AppleWebKit/537.36 (KHTML, like Gecko) Chrome/102.0.0.0 Safari/537.36"
18:44:55,871 aiohttp.access INFO 127.0.0.1 [14/Oct/2022:15:44:55 +0000] "GET /get_values/4 HTTP/1.1" 200 234 "-" "Mozilla/5.0 (X11; Linux x86_64) AppleWebKit/537.36 (KHTML, like Gecko) Chrome/102.0.0.0 Safari/537.36"
18:44:56,28 aiohttp.access INFO 127.0.0.1 [14/Oct/2022:15:44:56 +0000] "GET /get_values/4 HTTP/1.1" 200 234 "-" "Mozilla/5.0 (X11; Linux x86_64) AppleWebKit/537.36 (KHTML, like Gecko) Chrome/102.0.0.0 Safari/537.36"
18:44:56,172 aiohttp.access INFO 127.0.0.1 [14/Oct/2022:15:44:56 +0000] "GET /get_values/4 HTTP/1.1" 200 234 "-" "Mozilla/5.0 (X11; Linux x86_64) AppleWebKit/537.36 (KHTML, like Gecko) Chrome/102.0.0.0 Safari/537.36"
18:44:56,310 aiohttp.access INFO 127.0.0.1 [14/Oct/2022:15:44:56 +0000] "GET /get_values/4 HTTP/1.1" 200 234 "-" "Mozilla/5.0 (X11; Linux x86_64) AppleWebKit/537.36 (KHTML, like Gecko) Chrome/102.0.0.0 Safari/537.36"
18:44:56,447 aiohttp.access INFO 127.0.0.1 [14/Oct/2022:15:44:56 +0000] "GET /get_values/4 HTTP/1.1" 200 234 "-" "Mozilla/5.0 (X11; Linux x86_64) AppleWebKit/537.36 (KHTML, like Gecko) Chrome/102.0.0.0 Safari/537.36"
18:44:56,566 DriverIml INFO {1: {'current': 0.0, 'time': datetime.datetime(2022, 10, 14, 15, 44, 56, 565133), 'voltage': 0.0}, 2: {'current': 0.0, 'time': datetime.datetime(2022, 10, 14, 15, 44, 56, 565677), 'voltage': 0.0}, 3: {'current': 0.0, 'time': datetime.datetime(2022, 10, 14, 15, 44, 56, 566116), 'voltage': 0.0}, 4: {'current': 0.0, 'time': datetime.datetime(2022, 10, 14, 15, 44, 56, 566520), 'voltage': 0.0}}
18:44:56,858 aiohttp.access INFO 127.0.0.1 [14/Oct/2022:15:44:56 +0000] "GET /get_values/4 HTTP/1.1" 200 234 "-" "Mozilla/5.0 (X11; Linux x86_64) AppleWebKit/537.36 (KHTML, like Gecko) Chrome/102.0.0.0 Safari/537.36"
18:44:58,572 DriverIml INFO {1: {'current': 0.0, 'time': datetime.datetime(2022, 10, 14, 15, 44, 58, 569425), 'voltage': 0.0}, 2: {'current': 0.0, 'time': datetime.datetime(2022, 10, 14, 15, 44, 58, 570288), 'voltage': 0.0}, 3: {'current': 0.0, 'time': datetime.datetime(2022, 10, 14, 15, 44, 58, 571180), 'voltage': 0.0}, 4: {'current': 0.0, 'time': datetime.datetime(2022, 10, 14, 15, 44, 58, 571904), 'voltage': 0.0}}
18:45:00,577 DriverIml INFO {1: {'current': 0.0, 'time': datetime.datetime(2022, 10, 14, 15, 45, 0, 575580), 'voltage': 0.0}, 2: {'current': 0.0, 'time': datetime.datetime(2022, 10, 14, 15, 45, 0, 576317), 'voltage': 0.0}, 3: {'current': 0.0, 'time': datetime.datetime(2022, 10, 14, 15, 45, 0, 576925), 'voltage': 0.0}, 4: {'current': 0.0, 'time': datetime.datetime(2022, 10, 14, 15, 45, 0, 577491), 'voltage': 0.0}}
18:45:02,584 DriverIml INFO {1: {'current': 0.0, 'time': datetime.datetime(2022, 10, 14, 15, 45, 2, 581365), 'voltage': 0.0}, 2: {'current': 0.0, 'time': datetime.datetime(2022, 10, 14, 15, 45, 2, 582421), 'voltage': 0.0}, 3: {'current': 0.0, 'time': datetime.datetime(2022, 10, 14, 15, 45, 2, 583296), 'voltage': 0.0}, 4: {'current': 0.0, 'time': datetime.datetime(2022, 10, 14, 15, 45, 2, 584101), 'voltage': 0.0}}
18:45:04,590 DriverIml INFO {1: {'current': 0.0, 'time': datetime.datetime(2022, 10, 14, 15, 45, 4, 587916), 'voltage': 0.0}, 2: {'current': 0.0, 'time': datetime.datetime(2022, 10, 14, 15, 45, 4, 588878), 'voltage': 0.0}, 3: {'current': 0.0, 'time': datetime.datetime(2022, 10, 14, 15, 45, 4, 589649), 'voltage': 0.0}, 4: {'current': 0.0, 'time': datetime.datetime(2022, 10, 14, 15, 45, 4, 590332), 'voltage': 0.0}}
18:53:18,450 aiohttp.server ERROR Error handling request
Traceback (most recent call last):
  File "driver/rest_api_server.py", line 55, in get_values
    values = await self._driver.get_values(channel)
  File "/home/andrey/buro1440/driver/driver.py", line 72, in get_values
    resp = await self._device.execute(':MEASure{}:CURRent?'.format(channel_num))
  File "/home/andrey/buro1440/driver/virtual_device.py", line 21, in execute
    await self._loop.sock_sendall(self._client_socket, command_text.encode())
AttributeError: 'NoneType' object has no attribute 'sock_sendall'

During handling of the above exception, another exception occurred:

Traceback (most recent call last):
  File "/home/andrey/.local/lib/python3.8/site-packages/aiohttp/web_protocol.py", line 433, in _handle_request
    resp = await request_handler(request)
  File "/home/andrey/.local/lib/python3.8/site-packages/aiohttp/web_app.py", line 504, in _handle
    resp = await handler(request)
  File "driver/rest_api_server.py", line 59, in get_values
    resp.status = 400
AttributeError: can't set attribute
18:53:18,454 aiohttp.access INFO 127.0.0.1 [14/Oct/2022:15:53:18 +0000] "GET /get_values/4 HTTP/1.1" 500 334 "-" "Mozilla/5.0 (X11; Linux x86_64) AppleWebKit/537.36 (KHTML, like Gecko) Chrome/102.0.0.0 Safari/537.36"
18:53:43,62 DriverIml INFO {1: {'current': 0.0, 'time': datetime.datetime(2022, 10, 14, 15, 53, 43, 60856), 'voltage': 0.0}, 2: {'current': 0.0, 'time': datetime.datetime(2022, 10, 14, 15, 53, 43, 61748), 'voltage': 0.0}, 3: {'current': 0.0, 'time': datetime.datetime(2022, 10, 14, 15, 53, 43, 62105), 'voltage': 0.0}, 4: {'current': 0.0, 'time': datetime.datetime(2022, 10, 14, 15, 53, 43, 62463), 'voltage': 0.0}}
18:53:45,68 DriverIml INFO {1: {'current': 0.0, 'time': datetime.datetime(2022, 10, 14, 15, 53, 45, 65512), 'voltage': 0.0}, 2: {'current': 0.0, 'time': datetime.datetime(2022, 10, 14, 15, 53, 45, 66440), 'voltage': 0.0}, 3: {'current': 0.0, 'time': datetime.datetime(2022, 10, 14, 15, 53, 45, 67223), 'voltage': 0.0}, 4: {'current': 0.0, 'time': datetime.datetime(2022, 10, 14, 15, 53, 45, 67910), 'voltage': 0.0}}
18:53:47,73 DriverIml INFO {1: {'current': 0.0, 'time': datetime.datetime(2022, 10, 14, 15, 53, 47, 71740), 'voltage': 0.0}, 2: {'current': 0.0, 'time': datetime.datetime(2022, 10, 14, 15, 53, 47, 72467), 'voltage': 0.0}, 3: {'current': 0.0, 'time': datetime.datetime(2022, 10, 14, 15, 53, 47, 73060), 'voltage': 0.0}, 4: {'current': 0.0, 'time': datetime.datetime(2022, 10, 14, 15, 53, 47, 73625), 'voltage': 0.0}}
18:53:49,78 DriverIml INFO {1: {'current': 0.0, 'time': datetime.datetime(2022, 10, 14, 15, 53, 49, 77037), 'voltage': 0.0}, 2: {'current': 0.0, 'time': datetime.datetime(2022, 10, 14, 15, 53, 49, 77474), 'voltage': 0.0}, 3: {'current': 0.0, 'time': datetime.datetime(2022, 10, 14, 15, 53, 49, 78025), 'voltage': 0.0}, 4: {'current': 0.0, 'time': datetime.datetime(2022, 10, 14, 15, 53, 49, 78561), 'voltage': 0.0}}
18:53:50,559 aiohttp.access INFO 127.0.0.1 [14/Oct/2022:15:53:50 +0000] "GET /get_values/4 HTTP/1.1" 200 234 "-" "Mozilla/5.0 (X11; Linux x86_64) AppleWebKit/537.36 (KHTML, like Gecko) Chrome/102.0.0.0 Safari/537.36"
18:53:51,82 DriverIml INFO {1: {'current': 0.0, 'time': datetime.datetime(2022, 10, 14, 15, 53, 51, 81149), 'voltage': 0.0}, 2: {'current': 0.0, 'time': datetime.datetime(2022, 10, 14, 15, 53, 51, 81709), 'voltage': 0.0}, 3: {'current': 0.0, 'time': datetime.datetime(2022, 10, 14, 15, 53, 51, 82189), 'voltage': 0.0}, 4: {'current': 0.0, 'time': datetime.datetime(2022, 10, 14, 15, 53, 51, 82589), 'voltage': 0.0}}
18:53:53,88 DriverIml INFO {1: {'current': 0.0, 'time': datetime.datetime(2022, 10, 14, 15, 53, 53, 85508), 'voltage': 0.0}, 2: {'current': 0.0, 'time': datetime.datetime(2022, 10, 14, 15, 53, 53, 86585), 'voltage': 0.0}, 3: {'current': 0.0, 'time': datetime.datetime(2022, 10, 14, 15, 53, 53, 87616), 'voltage': 0.0}, 4: {'current': 0.0, 'time': datetime.datetime(2022, 10, 14, 15, 53, 53, 88608), 'voltage': 0.0}}
18:53:54,432 aiohttp.access INFO 127.0.0.1 [14/Oct/2022:15:53:54 +0000] "GET /get_values/ALL HTTP/1.1" 200 466 "-" "Mozilla/5.0 (X11; Linux x86_64) AppleWebKit/537.36 (KHTML, like Gecko) Chrome/102.0.0.0 Safari/537.36"
18:53:55,96 DriverIml INFO {1: {'current': 0.0, 'time': datetime.datetime(2022, 10, 14, 15, 53, 55, 92727), 'voltage': 0.0}, 2: {'current': 0.0, 'time': datetime.datetime(2022, 10, 14, 15, 53, 55, 93735), 'voltage': 0.0}, 3: {'current': 0.0, 'time': datetime.datetime(2022, 10, 14, 15, 53, 55, 94597), 'voltage': 0.0}, 4: {'current': 0.0, 'time': datetime.datetime(2022, 10, 14, 15, 53, 55, 96400), 'voltage': 0.0}}
18:53:57,104 DriverIml INFO {1: {'current': 0.0, 'time': datetime.datetime(2022, 10, 14, 15, 53, 57, 100623), 'voltage': 0.0}, 2: {'current': 0.0, 'time': datetime.datetime(2022, 10, 14, 15, 53, 57, 101645), 'voltage': 0.0}, 3: {'current': 0.0, 'time': datetime.datetime(2022, 10, 14, 15, 53, 57, 102958), 'voltage': 0.0}, 4: {'current': 0.0, 'time': datetime.datetime(2022, 10, 14, 15, 53, 57, 103994), 'voltage': 0.0}}
18:53:59,110 DriverIml INFO {1: {'current': 0.0, 'time': datetime.datetime(2022, 10, 14, 15, 53, 59, 107853), 'voltage': 0.0}, 2: {'current': 0.0, 'time': datetime.datetime(2022, 10, 14, 15, 53, 59, 108619), 'voltage': 0.0}, 3: {'current': 0.0, 'time': datetime.datetime(2022, 10, 14, 15, 53, 59, 109420), 'voltage': 0.0}, 4: {'current': 0.0, 'time': datetime.datetime(2022, 10, 14, 15, 53, 59, 110081), 'voltage': 0.0}}
18:55:27,642 DriverIml INFO {1: {'current': 0.0, 'time': datetime.datetime(2022, 10, 14, 15, 55, 27, 640503), 'voltage': 0.0}, 2: {'current': 0.0, 'time': datetime.datetime(2022, 10, 14, 15, 55, 27, 641188), 'voltage': 0.0}, 3: {'current': 0.0, 'time': datetime.datetime(2022, 10, 14, 15, 55, 27, 641693), 'voltage': 0.0}, 4: {'current': 0.0, 'time': datetime.datetime(2022, 10, 14, 15, 55, 27, 642109), 'voltage': 0.0}}
18:55:29,649 DriverIml INFO {1: {'current': 0.0, 'time': datetime.datetime(2022, 10, 14, 15, 55, 29, 646555), 'voltage': 0.0}, 2: {'current': 0.0, 'time': datetime.datetime(2022, 10, 14, 15, 55, 29, 647462), 'voltage': 0.0}, 3: {'current': 0.0, 'time': datetime.datetime(2022, 10, 14, 15, 55, 29, 648496), 'voltage': 0.0}, 4: {'current': 0.0, 'time': datetime.datetime(2022, 10, 14, 15, 55, 29, 649371), 'voltage': 0.0}}
18:55:31,654 DriverIml INFO {1: {'current': 0.0, 'time': datetime.datetime(2022, 10, 14, 15, 55, 31, 652557), 'voltage': 0.0}, 2: {'current': 0.0, 'time': datetime.datetime(2022, 10, 14, 15, 55, 31, 653085), 'voltage': 0.0}, 3: {'current': 0.0, 'time': datetime.datetime(2022, 10, 14, 15, 55, 31, 653644), 'voltage': 0.0}, 4: {'current': 0.0, 'time': datetime.datetime(2022, 10, 14, 15, 55, 31, 654451), 'voltage': 0.0}}
18:55:31,909 aiohttp.access INFO 127.0.0.1 [14/Oct/2022:15:55:31 +0000] "GET /get_values/ALL HTTP/1.1" 200 466 "-" "Mozilla/5.0 (X11; Linux x86_64) AppleWebKit/537.36 (KHTML, like Gecko) Chrome/102.0.0.0 Safari/537.36"
18:55:32,487 aiohttp.access INFO 127.0.0.1 [14/Oct/2022:15:55:32 +0000] "GET /get_values/ALL HTTP/1.1" 200 466 "-" "Mozilla/5.0 (X11; Linux x86_64) AppleWebKit/537.36 (KHTML, like Gecko) Chrome/102.0.0.0 Safari/537.36"
18:55:32,654 aiohttp.access INFO 127.0.0.1 [14/Oct/2022:15:55:32 +0000] "GET /get_values/ALL HTTP/1.1" 200 466 "-" "Mozilla/5.0 (X11; Linux x86_64) AppleWebKit/537.36 (KHTML, like Gecko) Chrome/102.0.0.0 Safari/537.36"
18:55:32,806 aiohttp.access INFO 127.0.0.1 [14/Oct/2022:15:55:32 +0000] "GET /get_values/ALL HTTP/1.1" 200 466 "-" "Mozilla/5.0 (X11; Linux x86_64) AppleWebKit/537.36 (KHTML, like Gecko) Chrome/102.0.0.0 Safari/537.36"
18:55:33,659 DriverIml INFO {1: {'current': 0.0, 'time': datetime.datetime(2022, 10, 14, 15, 55, 33, 657047), 'voltage': 0.0}, 2: {'current': 0.0, 'time': datetime.datetime(2022, 10, 14, 15, 55, 33, 658039), 'voltage': 0.0}, 3: {'current': 0.0, 'time': datetime.datetime(2022, 10, 14, 15, 55, 33, 658578), 'voltage': 0.0}, 4: {'current': 0.0, 'time': datetime.datetime(2022, 10, 14, 15, 55, 33, 659299), 'voltage': 0.0}}
18:55:35,665 DriverIml INFO {1: {'current': 0.0, 'time': datetime.datetime(2022, 10, 14, 15, 55, 35, 663104), 'voltage': 0.0}, 2: {'current': 0.0, 'time': datetime.datetime(2022, 10, 14, 15, 55, 35, 663910), 'voltage': 0.0}, 3: {'current': 0.0, 'time': datetime.datetime(2022, 10, 14, 15, 55, 35, 664631), 'voltage': 0.0}, 4: {'current': 0.0, 'time': datetime.datetime(2022, 10, 14, 15, 55, 35, 665320), 'voltage': 0.0}}
18:55:37,671 DriverIml INFO {1: {'current': 0.0, 'time': datetime.datetime(2022, 10, 14, 15, 55, 37, 669330), 'voltage': 0.0}, 2: {'current': 0.0, 'time': datetime.datetime(2022, 10, 14, 15, 55, 37, 670295), 'voltage': 0.0}, 3: {'current': 0.0, 'time': datetime.datetime(2022, 10, 14, 15, 55, 37, 671057), 'voltage': 0.0}, 4: {'current': 0.0, 'time': datetime.datetime(2022, 10, 14, 15, 55, 37, 671708), 'voltage': 0.0}}
18:55:39,676 DriverIml INFO {1: {'current': 0.0, 'time': datetime.datetime(2022, 10, 14, 15, 55, 39, 674887), 'voltage': 0.0}, 2: {'current': 0.0, 'time': datetime.datetime(2022, 10, 14, 15, 55, 39, 675958), 'voltage': 0.0}, 3: {'current': 0.0, 'time': datetime.datetime(2022, 10, 14, 15, 55, 39, 676401), 'voltage': 0.0}, 4: {'current': 0.0, 'time': datetime.datetime(2022, 10, 14, 15, 55, 39, 676763), 'voltage': 0.0}}
18:55:41,683 DriverIml INFO {1: {'current': 0.0, 'time': datetime.datetime(2022, 10, 14, 15, 55, 41, 680503), 'voltage': 0.0}, 2: {'current': 0.0, 'time': datetime.datetime(2022, 10, 14, 15, 55, 41, 681420), 'voltage': 0.0}, 3: {'current': 0.0, 'time': datetime.datetime(2022, 10, 14, 15, 55, 41, 682246), 'voltage': 0.0}, 4: {'current': 0.0, 'time': datetime.datetime(2022, 10, 14, 15, 55, 41, 682911), 'voltage': 0.0}}
18:55:43,686 DriverIml INFO {1: {'current': 0.0, 'time': datetime.datetime(2022, 10, 14, 15, 55, 43, 684918), 'voltage': 0.0}, 2: {'current': 0.0, 'time': datetime.datetime(2022, 10, 14, 15, 55, 43, 685279), 'voltage': 0.0}, 3: {'current': 0.0, 'time': datetime.datetime(2022, 10, 14, 15, 55, 43, 685685), 'voltage': 0.0}, 4: {'current': 0.0, 'time': datetime.datetime(2022, 10, 14, 15, 55, 43, 686027), 'voltage': 0.0}}
13:18:01,218 DriverIml INFO {1: {'current': 0.0, 'time': datetime.datetime(2022, 10, 15, 10, 18, 1, 216417), 'voltage': 0.0}, 2: {'current': 0.0, 'time': datetime.datetime(2022, 10, 15, 10, 18, 1, 217320), 'voltage': 0.0}, 3: {'current': 0.0, 'time': datetime.datetime(2022, 10, 15, 10, 18, 1, 217883), 'voltage': 0.0}, 4: {'current': 0.0, 'time': datetime.datetime(2022, 10, 15, 10, 18, 1, 218301), 'voltage': 0.0}}
13:18:03,222 DriverIml INFO {1: {'current': 0.0, 'time': datetime.datetime(2022, 10, 15, 10, 18, 3, 221028), 'voltage': 0.0}, 2: {'current': 0.0, 'time': datetime.datetime(2022, 10, 15, 10, 18, 3, 221557), 'voltage': 0.0}, 3: {'current': 0.0, 'time': datetime.datetime(2022, 10, 15, 10, 18, 3, 221988), 'voltage': 0.0}, 4: {'current': 0.0, 'time': datetime.datetime(2022, 10, 15, 10, 18, 3, 222339), 'voltage': 0.0}}
13:18:05,228 DriverIml INFO {1: {'current': 0.0, 'time': datetime.datetime(2022, 10, 15, 10, 18, 5, 225716), 'voltage': 0.0}, 2: {'current': 0.0, 'time': datetime.datetime(2022, 10, 15, 10, 18, 5, 226594), 'voltage': 0.0}, 3: {'current': 0.0, 'time': datetime.datetime(2022, 10, 15, 10, 18, 5, 227456), 'voltage': 0.0}, 4: {'current': 0.0, 'time': datetime.datetime(2022, 10, 15, 10, 18, 5, 228141), 'voltage': 0.0}}
13:18:07,233 DriverIml INFO {1: {'current': 0.0, 'time': datetime.datetime(2022, 10, 15, 10, 18, 7, 231725), 'voltage': 0.0}, 2: {'current': 0.0, 'time': datetime.datetime(2022, 10, 15, 10, 18, 7, 232805), 'voltage': 0.0}, 3: {'current': 0.0, 'time': datetime.datetime(2022, 10, 15, 10, 18, 7, 233484), 'voltage': 0.0}, 4: {'current': 0.0, 'time': datetime.datetime(2022, 10, 15, 10, 18, 7, 233834), 'voltage': 0.0}}
13:18:09,241 DriverIml INFO {1: {'current': 0.0, 'time': datetime.datetime(2022, 10, 15, 10, 18, 9, 237523), 'voltage': 0.0}, 2: {'current': 0.0, 'time': datetime.datetime(2022, 10, 15, 10, 18, 9, 238648), 'voltage': 0.0}, 3: {'current': 0.0, 'time': datetime.datetime(2022, 10, 15, 10, 18, 9, 239759), 'voltage': 0.0}, 4: {'current': 0.0, 'time': datetime.datetime(2022, 10, 15, 10, 18, 9, 240911), 'voltage': 0.0}}
13:18:09,825 aiohttp.access INFO 127.0.0.1 [15/Oct/2022:10:18:09 +0000] "GET /get_values/3 HTTP/1.1" 200 234 "-" "Mozilla/5.0 (X11; Linux x86_64) AppleWebKit/537.36 (KHTML, like Gecko) Chrome/102.0.0.0 Safari/537.36"
13:18:09,874 aiohttp.access INFO 127.0.0.1 [15/Oct/2022:10:18:09 +0000] "GET /favicon.ico HTTP/1.1" 404 172 "http://localhost:5555/get_values/3" "Mozilla/5.0 (X11; Linux x86_64) AppleWebKit/537.36 (KHTML, like Gecko) Chrome/102.0.0.0 Safari/537.36"
13:18:11,247 DriverIml INFO {1: {'current': 0.0, 'time': datetime.datetime(2022, 10, 15, 10, 18, 11, 244840), 'voltage': 0.0}, 2: {'current': 0.0, 'time': datetime.datetime(2022, 10, 15, 10, 18, 11, 245807), 'voltage': 0.0}, 3: {'current': 0.0, 'time': datetime.datetime(2022, 10, 15, 10, 18, 11, 246661), 'voltage': 0.0}, 4: {'current': 0.0, 'time': datetime.datetime(2022, 10, 15, 10, 18, 11, 247375), 'voltage': 0.0}}
13:18:12,922 aiohttp.server ERROR Error handling request
Traceback (most recent call last):
  File "src/rest_api_server.py", line 55, in get_values
    values = await self._driver.get_values(channel)
  File "/home/andrey/buro1440/src/driver_core/driver.py", line 68, in get_values
    assert channel is None or (isinstance(channel, int) and channel >=
AssertionError: Channel must be a value from 1,2,3,4

During handling of the above exception, another exception occurred:

Traceback (most recent call last):
  File "/home/andrey/.local/lib/python3.8/site-packages/aiohttp/web_protocol.py", line 433, in _handle_request
    resp = await request_handler(request)
  File "/home/andrey/.local/lib/python3.8/site-packages/aiohttp/web_app.py", line 504, in _handle
    resp = await handler(request)
  File "src/rest_api_server.py", line 59, in get_values
    resp.status = 400
AttributeError: can't set attribute
13:18:12,924 aiohttp.access INFO 127.0.0.1 [15/Oct/2022:10:18:12 +0000] "GET /get_values/0 HTTP/1.1" 500 334 "-" "Mozilla/5.0 (X11; Linux x86_64) AppleWebKit/537.36 (KHTML, like Gecko) Chrome/102.0.0.0 Safari/537.36"
13:18:13,253 DriverIml INFO {1: {'current': 0.0, 'time': datetime.datetime(2022, 10, 15, 10, 18, 13, 249741), 'voltage': 0.0}, 2: {'current': 0.0, 'time': datetime.datetime(2022, 10, 15, 10, 18, 13, 250788), 'voltage': 0.0}, 3: {'current': 0.0, 'time': datetime.datetime(2022, 10, 15, 10, 18, 13, 251805), 'voltage': 0.0}, 4: {'current': 0.0, 'time': datetime.datetime(2022, 10, 15, 10, 18, 13, 253276), 'voltage': 0.0}}
13:18:15,258 DriverIml INFO {1: {'current': 0.0, 'time': datetime.datetime(2022, 10, 15, 10, 18, 15, 256903), 'voltage': 0.0}, 2: {'current': 0.0, 'time': datetime.datetime(2022, 10, 15, 10, 18, 15, 257572), 'voltage': 0.0}, 3: {'current': 0.0, 'time': datetime.datetime(2022, 10, 15, 10, 18, 15, 258191), 'voltage': 0.0}, 4: {'current': 0.0, 'time': datetime.datetime(2022, 10, 15, 10, 18, 15, 258614), 'voltage': 0.0}}
13:18:15,664 aiohttp.server ERROR Error handling request
Traceback (most recent call last):
  File "src/rest_api_server.py", line 54, in get_values
    channel = None if channel_info == 'ALL' else int(channel_info)
ValueError: invalid literal for int() with base 10: ''

During handling of the above exception, another exception occurred:

Traceback (most recent call last):
  File "/home/andrey/.local/lib/python3.8/site-packages/aiohttp/web_protocol.py", line 433, in _handle_request
    resp = await request_handler(request)
  File "/home/andrey/.local/lib/python3.8/site-packages/aiohttp/web_app.py", line 504, in _handle
    resp = await handler(request)
  File "src/rest_api_server.py", line 59, in get_values
    resp.status = 400
AttributeError: can't set attribute
13:18:15,665 aiohttp.access INFO 127.0.0.1 [15/Oct/2022:10:18:15 +0000] "GET /get_values/ HTTP/1.1" 500 334 "-" "Mozilla/5.0 (X11; Linux x86_64) AppleWebKit/537.36 (KHTML, like Gecko) Chrome/102.0.0.0 Safari/537.36"
13:18:17,263 DriverIml INFO {1: {'current': 0.0, 'time': datetime.datetime(2022, 10, 15, 10, 18, 17, 261244), 'voltage': 0.0}, 2: {'current': 0.0, 'time': datetime.datetime(2022, 10, 15, 10, 18, 17, 262056), 'voltage': 0.0}, 3: {'current': 0.0, 'time': datetime.datetime(2022, 10, 15, 10, 18, 17, 262875), 'voltage': 0.0}, 4: {'current': 0.0, 'time': datetime.datetime(2022, 10, 15, 10, 18, 17, 263486), 'voltage': 0.0}}
13:18:17,737 aiohttp.access INFO 127.0.0.1 [15/Oct/2022:10:18:17 +0000] "GET /get_values/ALL HTTP/1.1" 200 466 "-" "Mozilla/5.0 (X11; Linux x86_64) AppleWebKit/537.36 (KHTML, like Gecko) Chrome/102.0.0.0 Safari/537.36"
13:18:19,267 DriverIml INFO {1: {'current': 0.0, 'time': datetime.datetime(2022, 10, 15, 10, 18, 19, 265073), 'voltage': 0.0}, 2: {'current': 0.0, 'time': datetime.datetime(2022, 10, 15, 10, 18, 19, 266198), 'voltage': 0.0}, 3: {'current': 0.0, 'time': datetime.datetime(2022, 10, 15, 10, 18, 19, 266781), 'voltage': 0.0}, 4: {'current': 0.0, 'time': datetime.datetime(2022, 10, 15, 10, 18, 19, 267206), 'voltage': 0.0}}
13:18:21,274 DriverIml INFO {1: {'current': 0.0, 'time': datetime.datetime(2022, 10, 15, 10, 18, 21, 271088), 'voltage': 0.0}, 2: {'current': 0.0, 'time': datetime.datetime(2022, 10, 15, 10, 18, 21, 271999), 'voltage': 0.0}, 3: {'current': 0.0, 'time': datetime.datetime(2022, 10, 15, 10, 18, 21, 272955), 'voltage': 0.0}, 4: {'current': 0.0, 'time': datetime.datetime(2022, 10, 15, 10, 18, 21, 273926), 'voltage': 0.0}}
13:18:23,278 DriverIml INFO {1: {'current': 0.0, 'time': datetime.datetime(2022, 10, 15, 10, 18, 23, 277105), 'voltage': 0.0}, 2: {'current': 0.0, 'time': datetime.datetime(2022, 10, 15, 10, 18, 23, 277616), 'voltage': 0.0}, 3: {'current': 0.0, 'time': datetime.datetime(2022, 10, 15, 10, 18, 23, 278188), 'voltage': 0.0}, 4: {'current': 0.0, 'time': datetime.datetime(2022, 10, 15, 10, 18, 23, 278544), 'voltage': 0.0}}
13:18:25,285 DriverIml INFO {1: {'current': 0.0, 'time': datetime.datetime(2022, 10, 15, 10, 18, 25, 282361), 'voltage': 0.0}, 2: {'current': 0.0, 'time': datetime.datetime(2022, 10, 15, 10, 18, 25, 283433), 'voltage': 0.0}, 3: {'current': 0.0, 'time': datetime.datetime(2022, 10, 15, 10, 18, 25, 284445), 'voltage': 0.0}, 4: {'current': 0.0, 'time': datetime.datetime(2022, 10, 15, 10, 18, 25, 285522), 'voltage': 0.0}}
13:18:27,292 DriverIml INFO {1: {'current': 0.0, 'time': datetime.datetime(2022, 10, 15, 10, 18, 27, 289557), 'voltage': 0.0}, 2: {'current': 0.0, 'time': datetime.datetime(2022, 10, 15, 10, 18, 27, 290565), 'voltage': 0.0}, 3: {'current': 0.0, 'time': datetime.datetime(2022, 10, 15, 10, 18, 27, 291516), 'voltage': 0.0}, 4: {'current': 0.0, 'time': datetime.datetime(2022, 10, 15, 10, 18, 27, 292493), 'voltage': 0.0}}
13:18:29,299 DriverIml INFO {1: {'current': 0.0, 'time': datetime.datetime(2022, 10, 15, 10, 18, 29, 296426), 'voltage': 0.0}, 2: {'current': 0.0, 'time': datetime.datetime(2022, 10, 15, 10, 18, 29, 297412), 'voltage': 0.0}, 3: {'current': 0.0, 'time': datetime.datetime(2022, 10, 15, 10, 18, 29, 298462), 'voltage': 0.0}, 4: {'current': 0.0, 'time': datetime.datetime(2022, 10, 15, 10, 18, 29, 299412), 'voltage': 0.0}}
13:18:31,306 DriverIml INFO {1: {'current': 0.0, 'time': datetime.datetime(2022, 10, 15, 10, 18, 31, 303332), 'voltage': 0.0}, 2: {'current': 0.0, 'time': datetime.datetime(2022, 10, 15, 10, 18, 31, 304388), 'voltage': 0.0}, 3: {'current': 0.0, 'time': datetime.datetime(2022, 10, 15, 10, 18, 31, 305417), 'voltage': 0.0}, 4: {'current': 0.0, 'time': datetime.datetime(2022, 10, 15, 10, 18, 31, 306283), 'voltage': 0.0}}
13:18:33,312 DriverIml INFO {1: {'current': 0.0, 'time': datetime.datetime(2022, 10, 15, 10, 18, 33, 309588), 'voltage': 0.0}, 2: {'current': 0.0, 'time': datetime.datetime(2022, 10, 15, 10, 18, 33, 310595), 'voltage': 0.0}, 3: {'current': 0.0, 'time': datetime.datetime(2022, 10, 15, 10, 18, 33, 311489), 'voltage': 0.0}, 4: {'current': 0.0, 'time': datetime.datetime(2022, 10, 15, 10, 18, 33, 312210), 'voltage': 0.0}}
13:18:35,319 DriverIml INFO {1: {'current': 0.0, 'time': datetime.datetime(2022, 10, 15, 10, 18, 35, 316233), 'voltage': 0.0}, 2: {'current': 0.0, 'time': datetime.datetime(2022, 10, 15, 10, 18, 35, 317213), 'voltage': 0.0}, 3: {'current': 0.0, 'time': datetime.datetime(2022, 10, 15, 10, 18, 35, 318242), 'voltage': 0.0}, 4: {'current': 0.0, 'time': datetime.datetime(2022, 10, 15, 10, 18, 35, 319051), 'voltage': 0.0}}
13:18:37,324 DriverIml INFO {1: {'current': 0.0, 'time': datetime.datetime(2022, 10, 15, 10, 18, 37, 321476), 'voltage': 0.0}, 2: {'current': 0.0, 'time': datetime.datetime(2022, 10, 15, 10, 18, 37, 322510), 'voltage': 0.0}, 3: {'current': 0.0, 'time': datetime.datetime(2022, 10, 15, 10, 18, 37, 323709), 'voltage': 0.0}, 4: {'current': 0.0, 'time': datetime.datetime(2022, 10, 15, 10, 18, 37, 324457), 'voltage': 0.0}}
13:18:39,331 DriverIml INFO {1: {'current': 0.0, 'time': datetime.datetime(2022, 10, 15, 10, 18, 39, 328369), 'voltage': 0.0}, 2: {'current': 0.0, 'time': datetime.datetime(2022, 10, 15, 10, 18, 39, 329250), 'voltage': 0.0}, 3: {'current': 0.0, 'time': datetime.datetime(2022, 10, 15, 10, 18, 39, 330156), 'voltage': 0.0}, 4: {'current': 0.0, 'time': datetime.datetime(2022, 10, 15, 10, 18, 39, 331092), 'voltage': 0.0}}
13:18:41,338 DriverIml INFO {1: {'current': 0.0, 'time': datetime.datetime(2022, 10, 15, 10, 18, 41, 335151), 'voltage': 0.0}, 2: {'current': 0.0, 'time': datetime.datetime(2022, 10, 15, 10, 18, 41, 336204), 'voltage': 0.0}, 3: {'current': 0.0, 'time': datetime.datetime(2022, 10, 15, 10, 18, 41, 337258), 'voltage': 0.0}, 4: {'current': 0.0, 'time': datetime.datetime(2022, 10, 15, 10, 18, 41, 337995), 'voltage': 0.0}}
13:18:43,344 DriverIml INFO {1: {'current': 0.0, 'time': datetime.datetime(2022, 10, 15, 10, 18, 43, 341504), 'voltage': 0.0}, 2: {'current': 0.0, 'time': datetime.datetime(2022, 10, 15, 10, 18, 43, 342583), 'voltage': 0.0}, 3: {'current': 0.0, 'time': datetime.datetime(2022, 10, 15, 10, 18, 43, 343651), 'voltage': 0.0}, 4: {'current': 0.0, 'time': datetime.datetime(2022, 10, 15, 10, 18, 43, 344509), 'voltage': 0.0}}
13:18:45,351 DriverIml INFO {1: {'current': 0.0, 'time': datetime.datetime(2022, 10, 15, 10, 18, 45, 348391), 'voltage': 0.0}, 2: {'current': 0.0, 'time': datetime.datetime(2022, 10, 15, 10, 18, 45, 349466), 'voltage': 0.0}, 3: {'current': 0.0, 'time': datetime.datetime(2022, 10, 15, 10, 18, 45, 350419), 'voltage': 0.0}, 4: {'current': 0.0, 'time': datetime.datetime(2022, 10, 15, 10, 18, 45, 351242), 'voltage': 0.0}}
13:18:47,358 DriverIml INFO {1: {'current': 0.0, 'time': datetime.datetime(2022, 10, 15, 10, 18, 47, 355262), 'voltage': 0.0}, 2: {'current': 0.0, 'time': datetime.datetime(2022, 10, 15, 10, 18, 47, 356305), 'voltage': 0.0}, 3: {'current': 0.0, 'time': datetime.datetime(2022, 10, 15, 10, 18, 47, 357257), 'voltage': 0.0}, 4: {'current': 0.0, 'time': datetime.datetime(2022, 10, 15, 10, 18, 47, 358119), 'voltage': 0.0}}
13:18:49,364 DriverIml INFO {1: {'current': 0.0, 'time': datetime.datetime(2022, 10, 15, 10, 18, 49, 361515), 'voltage': 0.0}, 2: {'current': 0.0, 'time': datetime.datetime(2022, 10, 15, 10, 18, 49, 362520), 'voltage': 0.0}, 3: {'current': 0.0, 'time': datetime.datetime(2022, 10, 15, 10, 18, 49, 363412), 'voltage': 0.0}, 4: {'current': 0.0, 'time': datetime.datetime(2022, 10, 15, 10, 18, 49, 364271), 'voltage': 0.0}}
13:18:51,371 DriverIml INFO {1: {'current': 0.0, 'time': datetime.datetime(2022, 10, 15, 10, 18, 51, 368318), 'voltage': 0.0}, 2: {'current': 0.0, 'time': datetime.datetime(2022, 10, 15, 10, 18, 51, 369395), 'voltage': 0.0}, 3: {'current': 0.0, 'time': datetime.datetime(2022, 10, 15, 10, 18, 51, 370301), 'voltage': 0.0}, 4: {'current': 0.0, 'time': datetime.datetime(2022, 10, 15, 10, 18, 51, 371193), 'voltage': 0.0}}
13:18:53,378 DriverIml INFO {1: {'current': 0.0, 'time': datetime.datetime(2022, 10, 15, 10, 18, 53, 375228), 'voltage': 0.0}, 2: {'current': 0.0, 'time': datetime.datetime(2022, 10, 15, 10, 18, 53, 376288), 'voltage': 0.0}, 3: {'current': 0.0, 'time': datetime.datetime(2022, 10, 15, 10, 18, 53, 377291), 'voltage': 0.0}, 4: {'current': 0.0, 'time': datetime.datetime(2022, 10, 15, 10, 18, 53, 378225), 'voltage': 0.0}}
13:18:55,385 DriverIml INFO {1: {'current': 0.0, 'time': datetime.datetime(2022, 10, 15, 10, 18, 55, 382198), 'voltage': 0.0}, 2: {'current': 0.0, 'time': datetime.datetime(2022, 10, 15, 10, 18, 55, 383197), 'voltage': 0.0}, 3: {'current': 0.0, 'time': datetime.datetime(2022, 10, 15, 10, 18, 55, 384072), 'voltage': 0.0}, 4: {'current': 0.0, 'time': datetime.datetime(2022, 10, 15, 10, 18, 55, 384816), 'voltage': 0.0}}
13:18:57,391 DriverIml INFO {1: {'current': 0.0, 'time': datetime.datetime(2022, 10, 15, 10, 18, 57, 388789), 'voltage': 0.0}, 2: {'current': 0.0, 'time': datetime.datetime(2022, 10, 15, 10, 18, 57, 389809), 'voltage': 0.0}, 3: {'current': 0.0, 'time': datetime.datetime(2022, 10, 15, 10, 18, 57, 390772), 'voltage': 0.0}, 4: {'current': 0.0, 'time': datetime.datetime(2022, 10, 15, 10, 18, 57, 391624), 'voltage': 0.0}}
13:18:59,398 DriverIml INFO {1: {'current': 0.0, 'time': datetime.datetime(2022, 10, 15, 10, 18, 59, 395584), 'voltage': 0.0}, 2: {'current': 0.0, 'time': datetime.datetime(2022, 10, 15, 10, 18, 59, 396607), 'voltage': 0.0}, 3: {'current': 0.0, 'time': datetime.datetime(2022, 10, 15, 10, 18, 59, 397504), 'voltage': 0.0}, 4: {'current': 0.0, 'time': datetime.datetime(2022, 10, 15, 10, 18, 59, 398243), 'voltage': 0.0}}
13:19:01,404 DriverIml INFO {1: {'current': 0.0, 'time': datetime.datetime(2022, 10, 15, 10, 19, 1, 402085), 'voltage': 0.0}, 2: {'current': 0.0, 'time': datetime.datetime(2022, 10, 15, 10, 19, 1, 403163), 'voltage': 0.0}, 3: {'current': 0.0, 'time': datetime.datetime(2022, 10, 15, 10, 19, 1, 404069), 'voltage': 0.0}, 4: {'current': 0.0, 'time': datetime.datetime(2022, 10, 15, 10, 19, 1, 404702), 'voltage': 0.0}}
13:19:03,412 DriverIml INFO {1: {'current': 0.0, 'time': datetime.datetime(2022, 10, 15, 10, 19, 3, 408631), 'voltage': 0.0}, 2: {'current': 0.0, 'time': datetime.datetime(2022, 10, 15, 10, 19, 3, 409686), 'voltage': 0.0}, 3: {'current': 0.0, 'time': datetime.datetime(2022, 10, 15, 10, 19, 3, 410719), 'voltage': 0.0}, 4: {'current': 0.0, 'time': datetime.datetime(2022, 10, 15, 10, 19, 3, 411695), 'voltage': 0.0}}
13:19:05,418 DriverIml INFO {1: {'current': 0.0, 'time': datetime.datetime(2022, 10, 15, 10, 19, 5, 415817), 'voltage': 0.0}, 2: {'current': 0.0, 'time': datetime.datetime(2022, 10, 15, 10, 19, 5, 416844), 'voltage': 0.0}, 3: {'current': 0.0, 'time': datetime.datetime(2022, 10, 15, 10, 19, 5, 417768), 'voltage': 0.0}, 4: {'current': 0.0, 'time': datetime.datetime(2022, 10, 15, 10, 19, 5, 418570), 'voltage': 0.0}}
13:19:07,425 DriverIml INFO {1: {'current': 0.0, 'time': datetime.datetime(2022, 10, 15, 10, 19, 7, 422645), 'voltage': 0.0}, 2: {'current': 0.0, 'time': datetime.datetime(2022, 10, 15, 10, 19, 7, 423691), 'voltage': 0.0}, 3: {'current': 0.0, 'time': datetime.datetime(2022, 10, 15, 10, 19, 7, 424633), 'voltage': 0.0}, 4: {'current': 0.0, 'time': datetime.datetime(2022, 10, 15, 10, 19, 7, 425548), 'voltage': 0.0}}
13:19:09,432 DriverIml INFO {1: {'current': 0.0, 'time': datetime.datetime(2022, 10, 15, 10, 19, 9, 429620), 'voltage': 0.0}, 2: {'current': 0.0, 'time': datetime.datetime(2022, 10, 15, 10, 19, 9, 430645), 'voltage': 0.0}, 3: {'current': 0.0, 'time': datetime.datetime(2022, 10, 15, 10, 19, 9, 431504), 'voltage': 0.0}, 4: {'current': 0.0, 'time': datetime.datetime(2022, 10, 15, 10, 19, 9, 432371), 'voltage': 0.0}}
13:19:11,439 DriverIml INFO {1: {'current': 0.0, 'time': datetime.datetime(2022, 10, 15, 10, 19, 11, 436359), 'voltage': 0.0}, 2: {'current': 0.0, 'time': datetime.datetime(2022, 10, 15, 10, 19, 11, 437373), 'voltage': 0.0}, 3: {'current': 0.0, 'time': datetime.datetime(2022, 10, 15, 10, 19, 11, 438433), 'voltage': 0.0}, 4: {'current': 0.0, 'time': datetime.datetime(2022, 10, 15, 10, 19, 11, 439668), 'voltage': 0.0}}
13:19:13,446 DriverIml INFO {1: {'current': 0.0, 'time': datetime.datetime(2022, 10, 15, 10, 19, 13, 443657), 'voltage': 0.0}, 2: {'current': 0.0, 'time': datetime.datetime(2022, 10, 15, 10, 19, 13, 444728), 'voltage': 0.0}, 3: {'current': 0.0, 'time': datetime.datetime(2022, 10, 15, 10, 19, 13, 445730), 'voltage': 0.0}, 4: {'current': 0.0, 'time': datetime.datetime(2022, 10, 15, 10, 19, 13, 446453), 'voltage': 0.0}}
13:19:15,453 DriverIml INFO {1: {'current': 0.0, 'time': datetime.datetime(2022, 10, 15, 10, 19, 15, 450423), 'voltage': 0.0}, 2: {'current': 0.0, 'time': datetime.datetime(2022, 10, 15, 10, 19, 15, 451423), 'voltage': 0.0}, 3: {'current': 0.0, 'time': datetime.datetime(2022, 10, 15, 10, 19, 15, 452385), 'voltage': 0.0}, 4: {'current': 0.0, 'time': datetime.datetime(2022, 10, 15, 10, 19, 15, 453117), 'voltage': 0.0}}
13:19:17,459 DriverIml INFO {1: {'current': 0.0, 'time': datetime.datetime(2022, 10, 15, 10, 19, 17, 457112), 'voltage': 0.0}, 2: {'current': 0.0, 'time': datetime.datetime(2022, 10, 15, 10, 19, 17, 457965), 'voltage': 0.0}, 3: {'current': 0.0, 'time': datetime.datetime(2022, 10, 15, 10, 19, 17, 458566), 'voltage': 0.0}, 4: {'current': 0.0, 'time': datetime.datetime(2022, 10, 15, 10, 19, 17, 459329), 'voltage': 0.0}}
13:19:19,466 DriverIml INFO {1: {'current': 0.0, 'time': datetime.datetime(2022, 10, 15, 10, 19, 19, 463352), 'voltage': 0.0}, 2: {'current': 0.0, 'time': datetime.datetime(2022, 10, 15, 10, 19, 19, 464434), 'voltage': 0.0}, 3: {'current': 0.0, 'time': datetime.datetime(2022, 10, 15, 10, 19, 19, 465441), 'voltage': 0.0}, 4: {'current': 0.0, 'time': datetime.datetime(2022, 10, 15, 10, 19, 19, 466272), 'voltage': 0.0}}
13:19:21,473 DriverIml INFO {1: {'current': 0.0, 'time': datetime.datetime(2022, 10, 15, 10, 19, 21, 470264), 'voltage': 0.0}, 2: {'current': 0.0, 'time': datetime.datetime(2022, 10, 15, 10, 19, 21, 471262), 'voltage': 0.0}, 3: {'current': 0.0, 'time': datetime.datetime(2022, 10, 15, 10, 19, 21, 472295), 'voltage': 0.0}, 4: {'current': 0.0, 'time': datetime.datetime(2022, 10, 15, 10, 19, 21, 473208), 'voltage': 0.0}}
13:19:23,479 DriverIml INFO {1: {'current': 0.0, 'time': datetime.datetime(2022, 10, 15, 10, 19, 23, 475832), 'voltage': 0.0}, 2: {'current': 0.0, 'time': datetime.datetime(2022, 10, 15, 10, 19, 23, 476923), 'voltage': 0.0}, 3: {'current': 0.0, 'time': datetime.datetime(2022, 10, 15, 10, 19, 23, 477723), 'voltage': 0.0}, 4: {'current': 0.0, 'time': datetime.datetime(2022, 10, 15, 10, 19, 23, 478695), 'voltage': 0.0}}
13:19:25,485 DriverIml INFO {1: {'current': 0.0, 'time': datetime.datetime(2022, 10, 15, 10, 19, 25, 482793), 'voltage': 0.0}, 2: {'current': 0.0, 'time': datetime.datetime(2022, 10, 15, 10, 19, 25, 483838), 'voltage': 0.0}, 3: {'current': 0.0, 'time': datetime.datetime(2022, 10, 15, 10, 19, 25, 484735), 'voltage': 0.0}, 4: {'current': 0.0, 'time': datetime.datetime(2022, 10, 15, 10, 19, 25, 485452), 'voltage': 0.0}}
13:19:27,491 DriverIml INFO {1: {'current': 0.0, 'time': datetime.datetime(2022, 10, 15, 10, 19, 27, 489327), 'voltage': 0.0}, 2: {'current': 0.0, 'time': datetime.datetime(2022, 10, 15, 10, 19, 27, 490201), 'voltage': 0.0}, 3: {'current': 0.0, 'time': datetime.datetime(2022, 10, 15, 10, 19, 27, 490903), 'voltage': 0.0}, 4: {'current': 0.0, 'time': datetime.datetime(2022, 10, 15, 10, 19, 27, 491297), 'voltage': 0.0}}
13:19:29,497 DriverIml INFO {1: {'current': 0.0, 'time': datetime.datetime(2022, 10, 15, 10, 19, 29, 494354), 'voltage': 0.0}, 2: {'current': 0.0, 'time': datetime.datetime(2022, 10, 15, 10, 19, 29, 495336), 'voltage': 0.0}, 3: {'current': 0.0, 'time': datetime.datetime(2022, 10, 15, 10, 19, 29, 496265), 'voltage': 0.0}, 4: {'current': 0.0, 'time': datetime.datetime(2022, 10, 15, 10, 19, 29, 497019), 'voltage': 0.0}}
13:19:31,504 DriverIml INFO {1: {'current': 0.0, 'time': datetime.datetime(2022, 10, 15, 10, 19, 31, 501035), 'voltage': 0.0}, 2: {'current': 0.0, 'time': datetime.datetime(2022, 10, 15, 10, 19, 31, 502036), 'voltage': 0.0}, 3: {'current': 0.0, 'time': datetime.datetime(2022, 10, 15, 10, 19, 31, 503047), 'voltage': 0.0}, 4: {'current': 0.0, 'time': datetime.datetime(2022, 10, 15, 10, 19, 31, 503870), 'voltage': 0.0}}
13:19:33,510 DriverIml INFO {1: {'current': 0.0, 'time': datetime.datetime(2022, 10, 15, 10, 19, 33, 507866), 'voltage': 0.0}, 2: {'current': 0.0, 'time': datetime.datetime(2022, 10, 15, 10, 19, 33, 508939), 'voltage': 0.0}, 3: {'current': 0.0, 'time': datetime.datetime(2022, 10, 15, 10, 19, 33, 509740), 'voltage': 0.0}, 4: {'current': 0.0, 'time': datetime.datetime(2022, 10, 15, 10, 19, 33, 510399), 'voltage': 0.0}}
13:19:35,517 DriverIml INFO {1: {'current': 0.0, 'time': datetime.datetime(2022, 10, 15, 10, 19, 35, 514352), 'voltage': 0.0}, 2: {'current': 0.0, 'time': datetime.datetime(2022, 10, 15, 10, 19, 35, 515407), 'voltage': 0.0}, 3: {'current': 0.0, 'time': datetime.datetime(2022, 10, 15, 10, 19, 35, 516328), 'voltage': 0.0}, 4: {'current': 0.0, 'time': datetime.datetime(2022, 10, 15, 10, 19, 35, 517092), 'voltage': 0.0}}
13:19:37,524 DriverIml INFO {1: {'current': 0.0, 'time': datetime.datetime(2022, 10, 15, 10, 19, 37, 521108), 'voltage': 0.0}, 2: {'current': 0.0, 'time': datetime.datetime(2022, 10, 15, 10, 19, 37, 522107), 'voltage': 0.0}, 3: {'current': 0.0, 'time': datetime.datetime(2022, 10, 15, 10, 19, 37, 523145), 'voltage': 0.0}, 4: {'current': 0.0, 'time': datetime.datetime(2022, 10, 15, 10, 19, 37, 524180), 'voltage': 0.0}}
13:19:39,530 DriverIml INFO {1: {'current': 0.0, 'time': datetime.datetime(2022, 10, 15, 10, 19, 39, 528215), 'voltage': 0.0}, 2: {'current': 0.0, 'time': datetime.datetime(2022, 10, 15, 10, 19, 39, 529155), 'voltage': 0.0}, 3: {'current': 0.0, 'time': datetime.datetime(2022, 10, 15, 10, 19, 39, 529938), 'voltage': 0.0}, 4: {'current': 0.0, 'time': datetime.datetime(2022, 10, 15, 10, 19, 39, 530716), 'voltage': 0.0}}
13:19:41,537 DriverIml INFO {1: {'current': 0.0, 'time': datetime.datetime(2022, 10, 15, 10, 19, 41, 534636), 'voltage': 0.0}, 2: {'current': 0.0, 'time': datetime.datetime(2022, 10, 15, 10, 19, 41, 535658), 'voltage': 0.0}, 3: {'current': 0.0, 'time': datetime.datetime(2022, 10, 15, 10, 19, 41, 536624), 'voltage': 0.0}, 4: {'current': 0.0, 'time': datetime.datetime(2022, 10, 15, 10, 19, 41, 537451), 'voltage': 0.0}}
13:19:43,544 DriverIml INFO {1: {'current': 0.0, 'time': datetime.datetime(2022, 10, 15, 10, 19, 43, 541513), 'voltage': 0.0}, 2: {'current': 0.0, 'time': datetime.datetime(2022, 10, 15, 10, 19, 43, 542603), 'voltage': 0.0}, 3: {'current': 0.0, 'time': datetime.datetime(2022, 10, 15, 10, 19, 43, 543615), 'voltage': 0.0}, 4: {'current': 0.0, 'time': datetime.datetime(2022, 10, 15, 10, 19, 43, 544433), 'voltage': 0.0}}
13:19:45,551 DriverIml INFO {1: {'current': 0.0, 'time': datetime.datetime(2022, 10, 15, 10, 19, 45, 548358), 'voltage': 0.0}, 2: {'current': 0.0, 'time': datetime.datetime(2022, 10, 15, 10, 19, 45, 549406), 'voltage': 0.0}, 3: {'current': 0.0, 'time': datetime.datetime(2022, 10, 15, 10, 19, 45, 550215), 'voltage': 0.0}, 4: {'current': 0.0, 'time': datetime.datetime(2022, 10, 15, 10, 19, 45, 551098), 'voltage': 0.0}}
13:19:47,556 DriverIml INFO {1: {'current': 0.0, 'time': datetime.datetime(2022, 10, 15, 10, 19, 47, 553518), 'voltage': 0.0}, 2: {'current': 0.0, 'time': datetime.datetime(2022, 10, 15, 10, 19, 47, 554530), 'voltage': 0.0}, 3: {'current': 0.0, 'time': datetime.datetime(2022, 10, 15, 10, 19, 47, 555463), 'voltage': 0.0}, 4: {'current': 0.0, 'time': datetime.datetime(2022, 10, 15, 10, 19, 47, 556335), 'voltage': 0.0}}
13:19:49,563 DriverIml INFO {1: {'current': 0.0, 'time': datetime.datetime(2022, 10, 15, 10, 19, 49, 560311), 'voltage': 0.0}, 2: {'current': 0.0, 'time': datetime.datetime(2022, 10, 15, 10, 19, 49, 561366), 'voltage': 0.0}, 3: {'current': 0.0, 'time': datetime.datetime(2022, 10, 15, 10, 19, 49, 562357), 'voltage': 0.0}, 4: {'current': 0.0, 'time': datetime.datetime(2022, 10, 15, 10, 19, 49, 563129), 'voltage': 0.0}}
13:19:51,570 DriverIml INFO {1: {'current': 0.0, 'time': datetime.datetime(2022, 10, 15, 10, 19, 51, 567142), 'voltage': 0.0}, 2: {'current': 0.0, 'time': datetime.datetime(2022, 10, 15, 10, 19, 51, 568129), 'voltage': 0.0}, 3: {'current': 0.0, 'time': datetime.datetime(2022, 10, 15, 10, 19, 51, 569075), 'voltage': 0.0}, 4: {'current': 0.0, 'time': datetime.datetime(2022, 10, 15, 10, 19, 51, 569990), 'voltage': 0.0}}
13:19:53,577 DriverIml INFO {1: {'current': 0.0, 'time': datetime.datetime(2022, 10, 15, 10, 19, 53, 573937), 'voltage': 0.0}, 2: {'current': 0.0, 'time': datetime.datetime(2022, 10, 15, 10, 19, 53, 574915), 'voltage': 0.0}, 3: {'current': 0.0, 'time': datetime.datetime(2022, 10, 15, 10, 19, 53, 575908), 'voltage': 0.0}, 4: {'current': 0.0, 'time': datetime.datetime(2022, 10, 15, 10, 19, 53, 576922), 'voltage': 0.0}}
13:19:55,583 DriverIml INFO {1: {'current': 0.0, 'time': datetime.datetime(2022, 10, 15, 10, 19, 55, 580874), 'voltage': 0.0}, 2: {'current': 0.0, 'time': datetime.datetime(2022, 10, 15, 10, 19, 55, 581873), 'voltage': 0.0}, 3: {'current': 0.0, 'time': datetime.datetime(2022, 10, 15, 10, 19, 55, 582741), 'voltage': 0.0}, 4: {'current': 0.0, 'time': datetime.datetime(2022, 10, 15, 10, 19, 55, 583546), 'voltage': 0.0}}
13:19:57,590 DriverIml INFO {1: {'current': 0.0, 'time': datetime.datetime(2022, 10, 15, 10, 19, 57, 587508), 'voltage': 0.0}, 2: {'current': 0.0, 'time': datetime.datetime(2022, 10, 15, 10, 19, 57, 588475), 'voltage': 0.0}, 3: {'current': 0.0, 'time': datetime.datetime(2022, 10, 15, 10, 19, 57, 589480), 'voltage': 0.0}, 4: {'current': 0.0, 'time': datetime.datetime(2022, 10, 15, 10, 19, 57, 590159), 'voltage': 0.0}}
13:19:59,597 DriverIml INFO {1: {'current': 0.0, 'time': datetime.datetime(2022, 10, 15, 10, 19, 59, 594082), 'voltage': 0.0}, 2: {'current': 0.0, 'time': datetime.datetime(2022, 10, 15, 10, 19, 59, 595066), 'voltage': 0.0}, 3: {'current': 0.0, 'time': datetime.datetime(2022, 10, 15, 10, 19, 59, 596068), 'voltage': 0.0}, 4: {'current': 0.0, 'time': datetime.datetime(2022, 10, 15, 10, 19, 59, 596978), 'voltage': 0.0}}
13:20:01,603 DriverIml INFO {1: {'current': 0.0, 'time': datetime.datetime(2022, 10, 15, 10, 20, 1, 601015), 'voltage': 0.0}, 2: {'current': 0.0, 'time': datetime.datetime(2022, 10, 15, 10, 20, 1, 602047), 'voltage': 0.0}, 3: {'current': 0.0, 'time': datetime.datetime(2022, 10, 15, 10, 20, 1, 602915), 'voltage': 0.0}, 4: {'current': 0.0, 'time': datetime.datetime(2022, 10, 15, 10, 20, 1, 603670), 'voltage': 0.0}}
13:20:03,610 DriverIml INFO {1: {'current': 0.0, 'time': datetime.datetime(2022, 10, 15, 10, 20, 3, 607717), 'voltage': 0.0}, 2: {'current': 0.0, 'time': datetime.datetime(2022, 10, 15, 10, 20, 3, 608674), 'voltage': 0.0}, 3: {'current': 0.0, 'time': datetime.datetime(2022, 10, 15, 10, 20, 3, 609498), 'voltage': 0.0}, 4: {'current': 0.0, 'time': datetime.datetime(2022, 10, 15, 10, 20, 3, 610215), 'voltage': 0.0}}
13:20:05,617 DriverIml INFO {1: {'current': 0.0, 'time': datetime.datetime(2022, 10, 15, 10, 20, 5, 614200), 'voltage': 0.0}, 2: {'current': 0.0, 'time': datetime.datetime(2022, 10, 15, 10, 20, 5, 615201), 'voltage': 0.0}, 3: {'current': 0.0, 'time': datetime.datetime(2022, 10, 15, 10, 20, 5, 616196), 'voltage': 0.0}, 4: {'current': 0.0, 'time': datetime.datetime(2022, 10, 15, 10, 20, 5, 617064), 'voltage': 0.0}}
13:20:07,623 DriverIml INFO {1: {'current': 0.0, 'time': datetime.datetime(2022, 10, 15, 10, 20, 7, 621108), 'voltage': 0.0}, 2: {'current': 0.0, 'time': datetime.datetime(2022, 10, 15, 10, 20, 7, 622020), 'voltage': 0.0}, 3: {'current': 0.0, 'time': datetime.datetime(2022, 10, 15, 10, 20, 7, 622926), 'voltage': 0.0}, 4: {'current': 0.0, 'time': datetime.datetime(2022, 10, 15, 10, 20, 7, 623662), 'voltage': 0.0}}
13:20:09,630 DriverIml INFO {1: {'current': 0.0, 'time': datetime.datetime(2022, 10, 15, 10, 20, 9, 627684), 'voltage': 0.0}, 2: {'current': 0.0, 'time': datetime.datetime(2022, 10, 15, 10, 20, 9, 628741), 'voltage': 0.0}, 3: {'current': 0.0, 'time': datetime.datetime(2022, 10, 15, 10, 20, 9, 629544), 'voltage': 0.0}, 4: {'current': 0.0, 'time': datetime.datetime(2022, 10, 15, 10, 20, 9, 630312), 'voltage': 0.0}}
13:20:11,637 DriverIml INFO {1: {'current': 0.0, 'time': datetime.datetime(2022, 10, 15, 10, 20, 11, 634322), 'voltage': 0.0}, 2: {'current': 0.0, 'time': datetime.datetime(2022, 10, 15, 10, 20, 11, 635393), 'voltage': 0.0}, 3: {'current': 0.0, 'time': datetime.datetime(2022, 10, 15, 10, 20, 11, 636292), 'voltage': 0.0}, 4: {'current': 0.0, 'time': datetime.datetime(2022, 10, 15, 10, 20, 11, 637142), 'voltage': 0.0}}
13:20:13,644 DriverIml INFO {1: {'current': 0.0, 'time': datetime.datetime(2022, 10, 15, 10, 20, 13, 641282), 'voltage': 0.0}, 2: {'current': 0.0, 'time': datetime.datetime(2022, 10, 15, 10, 20, 13, 642295), 'voltage': 0.0}, 3: {'current': 0.0, 'time': datetime.datetime(2022, 10, 15, 10, 20, 13, 643248), 'voltage': 0.0}, 4: {'current': 0.0, 'time': datetime.datetime(2022, 10, 15, 10, 20, 13, 644011), 'voltage': 0.0}}
13:20:15,651 DriverIml INFO {1: {'current': 0.0, 'time': datetime.datetime(2022, 10, 15, 10, 20, 15, 648025), 'voltage': 0.0}, 2: {'current': 0.0, 'time': datetime.datetime(2022, 10, 15, 10, 20, 15, 649092), 'voltage': 0.0}, 3: {'current': 0.0, 'time': datetime.datetime(2022, 10, 15, 10, 20, 15, 649988), 'voltage': 0.0}, 4: {'current': 0.0, 'time': datetime.datetime(2022, 10, 15, 10, 20, 15, 650758), 'voltage': 0.0}}
13:20:17,657 DriverIml INFO {1: {'current': 0.0, 'time': datetime.datetime(2022, 10, 15, 10, 20, 17, 654653), 'voltage': 0.0}, 2: {'current': 0.0, 'time': datetime.datetime(2022, 10, 15, 10, 20, 17, 655697), 'voltage': 0.0}, 3: {'current': 0.0, 'time': datetime.datetime(2022, 10, 15, 10, 20, 17, 656696), 'voltage': 0.0}, 4: {'current': 0.0, 'time': datetime.datetime(2022, 10, 15, 10, 20, 17, 657562), 'voltage': 0.0}}
13:20:19,664 DriverIml INFO {1: {'current': 0.0, 'time': datetime.datetime(2022, 10, 15, 10, 20, 19, 661534), 'voltage': 0.0}, 2: {'current': 0.0, 'time': datetime.datetime(2022, 10, 15, 10, 20, 19, 662546), 'voltage': 0.0}, 3: {'current': 0.0, 'time': datetime.datetime(2022, 10, 15, 10, 20, 19, 663537), 'voltage': 0.0}, 4: {'current': 0.0, 'time': datetime.datetime(2022, 10, 15, 10, 20, 19, 664300), 'voltage': 0.0}}
13:20:21,670 DriverIml INFO {1: {'current': 0.0, 'time': datetime.datetime(2022, 10, 15, 10, 20, 21, 668118), 'voltage': 0.0}, 2: {'current': 0.0, 'time': datetime.datetime(2022, 10, 15, 10, 20, 21, 669157), 'voltage': 0.0}, 3: {'current': 0.0, 'time': datetime.datetime(2022, 10, 15, 10, 20, 21, 669901), 'voltage': 0.0}, 4: {'current': 0.0, 'time': datetime.datetime(2022, 10, 15, 10, 20, 21, 670627), 'voltage': 0.0}}
13:20:23,676 DriverIml INFO {1: {'current': 0.0, 'time': datetime.datetime(2022, 10, 15, 10, 20, 23, 673507), 'voltage': 0.0}, 2: {'current': 0.0, 'time': datetime.datetime(2022, 10, 15, 10, 20, 23, 674489), 'voltage': 0.0}, 3: {'current': 0.0, 'time': datetime.datetime(2022, 10, 15, 10, 20, 23, 675238), 'voltage': 0.0}, 4: {'current': 0.0, 'time': datetime.datetime(2022, 10, 15, 10, 20, 23, 676065), 'voltage': 0.0}}
13:20:25,683 DriverIml INFO {1: {'current': 0.0, 'time': datetime.datetime(2022, 10, 15, 10, 20, 25, 680125), 'voltage': 0.0}, 2: {'current': 0.0, 'time': datetime.datetime(2022, 10, 15, 10, 20, 25, 681185), 'voltage': 0.0}, 3: {'current': 0.0, 'time': datetime.datetime(2022, 10, 15, 10, 20, 25, 682170), 'voltage': 0.0}, 4: {'current': 0.0, 'time': datetime.datetime(2022, 10, 15, 10, 20, 25, 683096), 'voltage': 0.0}}
13:20:27,690 DriverIml INFO {1: {'current': 0.0, 'time': datetime.datetime(2022, 10, 15, 10, 20, 27, 687095), 'voltage': 0.0}, 2: {'current': 0.0, 'time': datetime.datetime(2022, 10, 15, 10, 20, 27, 688190), 'voltage': 0.0}, 3: {'current': 0.0, 'time': datetime.datetime(2022, 10, 15, 10, 20, 27, 689101), 'voltage': 0.0}, 4: {'current': 0.0, 'time': datetime.datetime(2022, 10, 15, 10, 20, 27, 689905), 'voltage': 0.0}}
13:20:29,697 DriverIml INFO {1: {'current': 0.0, 'time': datetime.datetime(2022, 10, 15, 10, 20, 29, 693887), 'voltage': 0.0}, 2: {'current': 0.0, 'time': datetime.datetime(2022, 10, 15, 10, 20, 29, 694797), 'voltage': 0.0}, 3: {'current': 0.0, 'time': datetime.datetime(2022, 10, 15, 10, 20, 29, 695841), 'voltage': 0.0}, 4: {'current': 0.0, 'time': datetime.datetime(2022, 10, 15, 10, 20, 29, 696840), 'voltage': 0.0}}
13:20:31,703 DriverIml INFO {1: {'current': 0.0, 'time': datetime.datetime(2022, 10, 15, 10, 20, 31, 700878), 'voltage': 0.0}, 2: {'current': 0.0, 'time': datetime.datetime(2022, 10, 15, 10, 20, 31, 701900), 'voltage': 0.0}, 3: {'current': 0.0, 'time': datetime.datetime(2022, 10, 15, 10, 20, 31, 702709), 'voltage': 0.0}, 4: {'current': 0.0, 'time': datetime.datetime(2022, 10, 15, 10, 20, 31, 703457), 'voltage': 0.0}}
13:20:33,710 DriverIml INFO {1: {'current': 0.0, 'time': datetime.datetime(2022, 10, 15, 10, 20, 33, 707434), 'voltage': 0.0}, 2: {'current': 0.0, 'time': datetime.datetime(2022, 10, 15, 10, 20, 33, 708534), 'voltage': 0.0}, 3: {'current': 0.0, 'time': datetime.datetime(2022, 10, 15, 10, 20, 33, 709506), 'voltage': 0.0}, 4: {'current': 0.0, 'time': datetime.datetime(2022, 10, 15, 10, 20, 33, 710213), 'voltage': 0.0}}
13:20:35,717 DriverIml INFO {1: {'current': 0.0, 'time': datetime.datetime(2022, 10, 15, 10, 20, 35, 714001), 'voltage': 0.0}, 2: {'current': 0.0, 'time': datetime.datetime(2022, 10, 15, 10, 20, 35, 715041), 'voltage': 0.0}, 3: {'current': 0.0, 'time': datetime.datetime(2022, 10, 15, 10, 20, 35, 715986), 'voltage': 0.0}, 4: {'current': 0.0, 'time': datetime.datetime(2022, 10, 15, 10, 20, 35, 716738), 'voltage': 0.0}}
13:20:37,723 DriverIml INFO {1: {'current': 0.0, 'time': datetime.datetime(2022, 10, 15, 10, 20, 37, 720843), 'voltage': 0.0}, 2: {'current': 0.0, 'time': datetime.datetime(2022, 10, 15, 10, 20, 37, 721853), 'voltage': 0.0}, 3: {'current': 0.0, 'time': datetime.datetime(2022, 10, 15, 10, 20, 37, 722719), 'voltage': 0.0}, 4: {'current': 0.0, 'time': datetime.datetime(2022, 10, 15, 10, 20, 37, 723632), 'voltage': 0.0}}
13:20:39,729 DriverIml INFO {1: {'current': 0.0, 'time': datetime.datetime(2022, 10, 15, 10, 20, 39, 725852), 'voltage': 0.0}, 2: {'current': 0.0, 'time': datetime.datetime(2022, 10, 15, 10, 20, 39, 726839), 'voltage': 0.0}, 3: {'current': 0.0, 'time': datetime.datetime(2022, 10, 15, 10, 20, 39, 727861), 'voltage': 0.0}, 4: {'current': 0.0, 'time': datetime.datetime(2022, 10, 15, 10, 20, 39, 728779), 'voltage': 0.0}}
13:20:41,735 DriverIml INFO {1: {'current': 0.0, 'time': datetime.datetime(2022, 10, 15, 10, 20, 41, 732859), 'voltage': 0.0}, 2: {'current': 0.0, 'time': datetime.datetime(2022, 10, 15, 10, 20, 41, 733882), 'voltage': 0.0}, 3: {'current': 0.0, 'time': datetime.datetime(2022, 10, 15, 10, 20, 41, 734846), 'voltage': 0.0}, 4: {'current': 0.0, 'time': datetime.datetime(2022, 10, 15, 10, 20, 41, 735702), 'voltage': 0.0}}
13:20:43,742 DriverIml INFO {1: {'current': 0.0, 'time': datetime.datetime(2022, 10, 15, 10, 20, 43, 739692), 'voltage': 0.0}, 2: {'current': 0.0, 'time': datetime.datetime(2022, 10, 15, 10, 20, 43, 740615), 'voltage': 0.0}, 3: {'current': 0.0, 'time': datetime.datetime(2022, 10, 15, 10, 20, 43, 741514), 'voltage': 0.0}, 4: {'current': 0.0, 'time': datetime.datetime(2022, 10, 15, 10, 20, 43, 742372), 'voltage': 0.0}}
13:20:45,749 DriverIml INFO {1: {'current': 0.0, 'time': datetime.datetime(2022, 10, 15, 10, 20, 45, 746540), 'voltage': 0.0}, 2: {'current': 0.0, 'time': datetime.datetime(2022, 10, 15, 10, 20, 45, 747590), 'voltage': 0.0}, 3: {'current': 0.0, 'time': datetime.datetime(2022, 10, 15, 10, 20, 45, 748660), 'voltage': 0.0}, 4: {'current': 0.0, 'time': datetime.datetime(2022, 10, 15, 10, 20, 45, 749554), 'voltage': 0.0}}
13:20:47,756 DriverIml INFO {1: {'current': 0.0, 'time': datetime.datetime(2022, 10, 15, 10, 20, 47, 753639), 'voltage': 0.0}, 2: {'current': 0.0, 'time': datetime.datetime(2022, 10, 15, 10, 20, 47, 754673), 'voltage': 0.0}, 3: {'current': 0.0, 'time': datetime.datetime(2022, 10, 15, 10, 20, 47, 755578), 'voltage': 0.0}, 4: {'current': 0.0, 'time': datetime.datetime(2022, 10, 15, 10, 20, 47, 756497), 'voltage': 0.0}}
13:20:49,763 DriverIml INFO {1: {'current': 0.0, 'time': datetime.datetime(2022, 10, 15, 10, 20, 49, 760350), 'voltage': 0.0}, 2: {'current': 0.0, 'time': datetime.datetime(2022, 10, 15, 10, 20, 49, 761416), 'voltage': 0.0}, 3: {'current': 0.0, 'time': datetime.datetime(2022, 10, 15, 10, 20, 49, 762264), 'voltage': 0.0}, 4: {'current': 0.0, 'time': datetime.datetime(2022, 10, 15, 10, 20, 49, 763054), 'voltage': 0.0}}
13:20:51,769 DriverIml INFO {1: {'current': 0.0, 'time': datetime.datetime(2022, 10, 15, 10, 20, 51, 767060), 'voltage': 0.0}, 2: {'current': 0.0, 'time': datetime.datetime(2022, 10, 15, 10, 20, 51, 768098), 'voltage': 0.0}, 3: {'current': 0.0, 'time': datetime.datetime(2022, 10, 15, 10, 20, 51, 768983), 'voltage': 0.0}, 4: {'current': 0.0, 'time': datetime.datetime(2022, 10, 15, 10, 20, 51, 769660), 'voltage': 0.0}}
13:20:53,776 DriverIml INFO {1: {'current': 0.0, 'time': datetime.datetime(2022, 10, 15, 10, 20, 53, 773635), 'voltage': 0.0}, 2: {'current': 0.0, 'time': datetime.datetime(2022, 10, 15, 10, 20, 53, 774617), 'voltage': 0.0}, 3: {'current': 0.0, 'time': datetime.datetime(2022, 10, 15, 10, 20, 53, 775465), 'voltage': 0.0}, 4: {'current': 0.0, 'time': datetime.datetime(2022, 10, 15, 10, 20, 53, 776255), 'voltage': 0.0}}
13:20:55,783 DriverIml INFO {1: {'current': 0.0, 'time': datetime.datetime(2022, 10, 15, 10, 20, 55, 780289), 'voltage': 0.0}, 2: {'current': 0.0, 'time': datetime.datetime(2022, 10, 15, 10, 20, 55, 781340), 'voltage': 0.0}, 3: {'current': 0.0, 'time': datetime.datetime(2022, 10, 15, 10, 20, 55, 782309), 'voltage': 0.0}, 4: {'current': 0.0, 'time': datetime.datetime(2022, 10, 15, 10, 20, 55, 783262), 'voltage': 0.0}}
13:20:57,790 DriverIml INFO {1: {'current': 0.0, 'time': datetime.datetime(2022, 10, 15, 10, 20, 57, 787183), 'voltage': 0.0}, 2: {'current': 0.0, 'time': datetime.datetime(2022, 10, 15, 10, 20, 57, 788170), 'voltage': 0.0}, 3: {'current': 0.0, 'time': datetime.datetime(2022, 10, 15, 10, 20, 57, 789256), 'voltage': 0.0}, 4: {'current': 0.0, 'time': datetime.datetime(2022, 10, 15, 10, 20, 57, 790098), 'voltage': 0.0}}
13:20:59,797 DriverIml INFO {1: {'current': 0.0, 'time': datetime.datetime(2022, 10, 15, 10, 20, 59, 794078), 'voltage': 0.0}, 2: {'current': 0.0, 'time': datetime.datetime(2022, 10, 15, 10, 20, 59, 795070), 'voltage': 0.0}, 3: {'current': 0.0, 'time': datetime.datetime(2022, 10, 15, 10, 20, 59, 796051), 'voltage': 0.0}, 4: {'current': 0.0, 'time': datetime.datetime(2022, 10, 15, 10, 20, 59, 796899), 'voltage': 0.0}}
13:21:01,804 DriverIml INFO {1: {'current': 0.0, 'time': datetime.datetime(2022, 10, 15, 10, 21, 1, 800957), 'voltage': 0.0}, 2: {'current': 0.0, 'time': datetime.datetime(2022, 10, 15, 10, 21, 1, 802018), 'voltage': 0.0}, 3: {'current': 0.0, 'time': datetime.datetime(2022, 10, 15, 10, 21, 1, 802998), 'voltage': 0.0}, 4: {'current': 0.0, 'time': datetime.datetime(2022, 10, 15, 10, 21, 1, 803780), 'voltage': 0.0}}
13:21:03,810 DriverIml INFO {1: {'current': 0.0, 'time': datetime.datetime(2022, 10, 15, 10, 21, 3, 807815), 'voltage': 0.0}, 2: {'current': 0.0, 'time': datetime.datetime(2022, 10, 15, 10, 21, 3, 808891), 'voltage': 0.0}, 3: {'current': 0.0, 'time': datetime.datetime(2022, 10, 15, 10, 21, 3, 809792), 'voltage': 0.0}, 4: {'current': 0.0, 'time': datetime.datetime(2022, 10, 15, 10, 21, 3, 810612), 'voltage': 0.0}}
13:21:05,817 DriverIml INFO {1: {'current': 0.0, 'time': datetime.datetime(2022, 10, 15, 10, 21, 5, 814587), 'voltage': 0.0}, 2: {'current': 0.0, 'time': datetime.datetime(2022, 10, 15, 10, 21, 5, 815603), 'voltage': 0.0}, 3: {'current': 0.0, 'time': datetime.datetime(2022, 10, 15, 10, 21, 5, 816619), 'voltage': 0.0}, 4: {'current': 0.0, 'time': datetime.datetime(2022, 10, 15, 10, 21, 5, 817480), 'voltage': 0.0}}
13:21:07,824 DriverIml INFO {1: {'current': 0.0, 'time': datetime.datetime(2022, 10, 15, 10, 21, 7, 821561), 'voltage': 0.0}, 2: {'current': 0.0, 'time': datetime.datetime(2022, 10, 15, 10, 21, 7, 822583), 'voltage': 0.0}, 3: {'current': 0.0, 'time': datetime.datetime(2022, 10, 15, 10, 21, 7, 823419), 'voltage': 0.0}, 4: {'current': 0.0, 'time': datetime.datetime(2022, 10, 15, 10, 21, 7, 824395), 'voltage': 0.0}}
13:21:09,831 DriverIml INFO {1: {'current': 0.0, 'time': datetime.datetime(2022, 10, 15, 10, 21, 9, 828392), 'voltage': 0.0}, 2: {'current': 0.0, 'time': datetime.datetime(2022, 10, 15, 10, 21, 9, 829422), 'voltage': 0.0}, 3: {'current': 0.0, 'time': datetime.datetime(2022, 10, 15, 10, 21, 9, 830432), 'voltage': 0.0}, 4: {'current': 0.0, 'time': datetime.datetime(2022, 10, 15, 10, 21, 9, 831335), 'voltage': 0.0}}
13:21:11,838 DriverIml INFO {1: {'current': 0.0, 'time': datetime.datetime(2022, 10, 15, 10, 21, 11, 835323), 'voltage': 0.0}, 2: {'current': 0.0, 'time': datetime.datetime(2022, 10, 15, 10, 21, 11, 836375), 'voltage': 0.0}, 3: {'current': 0.0, 'time': datetime.datetime(2022, 10, 15, 10, 21, 11, 837257), 'voltage': 0.0}, 4: {'current': 0.0, 'time': datetime.datetime(2022, 10, 15, 10, 21, 11, 838094), 'voltage': 0.0}}
13:21:13,845 DriverIml INFO {1: {'current': 0.0, 'time': datetime.datetime(2022, 10, 15, 10, 21, 13, 842100), 'voltage': 0.0}, 2: {'current': 0.0, 'time': datetime.datetime(2022, 10, 15, 10, 21, 13, 843127), 'voltage': 0.0}, 3: {'current': 0.0, 'time': datetime.datetime(2022, 10, 15, 10, 21, 13, 843995), 'voltage': 0.0}, 4: {'current': 0.0, 'time': datetime.datetime(2022, 10, 15, 10, 21, 13, 844739), 'voltage': 0.0}}
13:21:15,851 DriverIml INFO {1: {'current': 0.0, 'time': datetime.datetime(2022, 10, 15, 10, 21, 15, 848710), 'voltage': 0.0}, 2: {'current': 0.0, 'time': datetime.datetime(2022, 10, 15, 10, 21, 15, 849780), 'voltage': 0.0}, 3: {'current': 0.0, 'time': datetime.datetime(2022, 10, 15, 10, 21, 15, 850615), 'voltage': 0.0}, 4: {'current': 0.0, 'time': datetime.datetime(2022, 10, 15, 10, 21, 15, 851364), 'voltage': 0.0}}
13:21:17,858 DriverIml INFO {1: {'current': 0.0, 'time': datetime.datetime(2022, 10, 15, 10, 21, 17, 855312), 'voltage': 0.0}, 2: {'current': 0.0, 'time': datetime.datetime(2022, 10, 15, 10, 21, 17, 856293), 'voltage': 0.0}, 3: {'current': 0.0, 'time': datetime.datetime(2022, 10, 15, 10, 21, 17, 857164), 'voltage': 0.0}, 4: {'current': 0.0, 'time': datetime.datetime(2022, 10, 15, 10, 21, 17, 857938), 'voltage': 0.0}}
13:21:19,865 DriverIml INFO {1: {'current': 0.0, 'time': datetime.datetime(2022, 10, 15, 10, 21, 19, 861932), 'voltage': 0.0}, 2: {'current': 0.0, 'time': datetime.datetime(2022, 10, 15, 10, 21, 19, 862967), 'voltage': 0.0}, 3: {'current': 0.0, 'time': datetime.datetime(2022, 10, 15, 10, 21, 19, 863891), 'voltage': 0.0}, 4: {'current': 0.0, 'time': datetime.datetime(2022, 10, 15, 10, 21, 19, 864717), 'voltage': 0.0}}
13:21:21,871 DriverIml INFO {1: {'current': 0.0, 'time': datetime.datetime(2022, 10, 15, 10, 21, 21, 868500), 'voltage': 0.0}, 2: {'current': 0.0, 'time': datetime.datetime(2022, 10, 15, 10, 21, 21, 869400), 'voltage': 0.0}, 3: {'current': 0.0, 'time': datetime.datetime(2022, 10, 15, 10, 21, 21, 870319), 'voltage': 0.0}, 4: {'current': 0.0, 'time': datetime.datetime(2022, 10, 15, 10, 21, 21, 870911), 'voltage': 0.0}}
13:21:23,877 DriverIml INFO {1: {'current': 0.0, 'time': datetime.datetime(2022, 10, 15, 10, 21, 23, 874784), 'voltage': 0.0}, 2: {'current': 0.0, 'time': datetime.datetime(2022, 10, 15, 10, 21, 23, 875794), 'voltage': 0.0}, 3: {'current': 0.0, 'time': datetime.datetime(2022, 10, 15, 10, 21, 23, 876783), 'voltage': 0.0}, 4: {'current': 0.0, 'time': datetime.datetime(2022, 10, 15, 10, 21, 23, 877587), 'voltage': 0.0}}
13:21:25,885 DriverIml INFO {1: {'current': 0.0, 'time': datetime.datetime(2022, 10, 15, 10, 21, 25, 881583), 'voltage': 0.0}, 2: {'current': 0.0, 'time': datetime.datetime(2022, 10, 15, 10, 21, 25, 882716), 'voltage': 0.0}, 3: {'current': 0.0, 'time': datetime.datetime(2022, 10, 15, 10, 21, 25, 883693), 'voltage': 0.0}, 4: {'current': 0.0, 'time': datetime.datetime(2022, 10, 15, 10, 21, 25, 884655), 'voltage': 0.0}}
13:21:27,892 DriverIml INFO {1: {'current': 0.0, 'time': datetime.datetime(2022, 10, 15, 10, 21, 27, 888759), 'voltage': 0.0}, 2: {'current': 0.0, 'time': datetime.datetime(2022, 10, 15, 10, 21, 27, 889978), 'voltage': 0.0}, 3: {'current': 0.0, 'time': datetime.datetime(2022, 10, 15, 10, 21, 27, 891212), 'voltage': 0.0}, 4: {'current': 0.0, 'time': datetime.datetime(2022, 10, 15, 10, 21, 27, 892178), 'voltage': 0.0}}
13:21:29,899 DriverIml INFO {1: {'current': 0.0, 'time': datetime.datetime(2022, 10, 15, 10, 21, 29, 896195), 'voltage': 0.0}, 2: {'current': 0.0, 'time': datetime.datetime(2022, 10, 15, 10, 21, 29, 897214), 'voltage': 0.0}, 3: {'current': 0.0, 'time': datetime.datetime(2022, 10, 15, 10, 21, 29, 898215), 'voltage': 0.0}, 4: {'current': 0.0, 'time': datetime.datetime(2022, 10, 15, 10, 21, 29, 899087), 'voltage': 0.0}}
13:21:31,906 DriverIml INFO {1: {'current': 0.0, 'time': datetime.datetime(2022, 10, 15, 10, 21, 31, 903028), 'voltage': 0.0}, 2: {'current': 0.0, 'time': datetime.datetime(2022, 10, 15, 10, 21, 31, 904089), 'voltage': 0.0}, 3: {'current': 0.0, 'time': datetime.datetime(2022, 10, 15, 10, 21, 31, 904960), 'voltage': 0.0}, 4: {'current': 0.0, 'time': datetime.datetime(2022, 10, 15, 10, 21, 31, 905799), 'voltage': 0.0}}
13:21:33,912 DriverIml INFO {1: {'current': 0.0, 'time': datetime.datetime(2022, 10, 15, 10, 21, 33, 909820), 'voltage': 0.0}, 2: {'current': 0.0, 'time': datetime.datetime(2022, 10, 15, 10, 21, 33, 910850), 'voltage': 0.0}, 3: {'current': 0.0, 'time': datetime.datetime(2022, 10, 15, 10, 21, 33, 911766), 'voltage': 0.0}, 4: {'current': 0.0, 'time': datetime.datetime(2022, 10, 15, 10, 21, 33, 912701), 'voltage': 0.0}}
13:21:35,919 DriverIml INFO {1: {'current': 0.0, 'time': datetime.datetime(2022, 10, 15, 10, 21, 35, 916608), 'voltage': 0.0}, 2: {'current': 0.0, 'time': datetime.datetime(2022, 10, 15, 10, 21, 35, 917480), 'voltage': 0.0}, 3: {'current': 0.0, 'time': datetime.datetime(2022, 10, 15, 10, 21, 35, 918169), 'voltage': 0.0}, 4: {'current': 0.0, 'time': datetime.datetime(2022, 10, 15, 10, 21, 35, 918779), 'voltage': 0.0}}
13:21:37,925 DriverIml INFO {1: {'current': 0.0, 'time': datetime.datetime(2022, 10, 15, 10, 21, 37, 922786), 'voltage': 0.0}, 2: {'current': 0.0, 'time': datetime.datetime(2022, 10, 15, 10, 21, 37, 923709), 'voltage': 0.0}, 3: {'current': 0.0, 'time': datetime.datetime(2022, 10, 15, 10, 21, 37, 924652), 'voltage': 0.0}, 4: {'current': 0.0, 'time': datetime.datetime(2022, 10, 15, 10, 21, 37, 925441), 'voltage': 0.0}}
13:21:39,932 DriverIml INFO {1: {'current': 0.0, 'time': datetime.datetime(2022, 10, 15, 10, 21, 39, 929427), 'voltage': 0.0}, 2: {'current': 0.0, 'time': datetime.datetime(2022, 10, 15, 10, 21, 39, 930334), 'voltage': 0.0}, 3: {'current': 0.0, 'time': datetime.datetime(2022, 10, 15, 10, 21, 39, 931392), 'voltage': 0.0}, 4: {'current': 0.0, 'time': datetime.datetime(2022, 10, 15, 10, 21, 39, 932230), 'voltage': 0.0}}
13:21:41,939 DriverIml INFO {1: {'current': 0.0, 'time': datetime.datetime(2022, 10, 15, 10, 21, 41, 936101), 'voltage': 0.0}, 2: {'current': 0.0, 'time': datetime.datetime(2022, 10, 15, 10, 21, 41, 937132), 'voltage': 0.0}, 3: {'current': 0.0, 'time': datetime.datetime(2022, 10, 15, 10, 21, 41, 938126), 'voltage': 0.0}, 4: {'current': 0.0, 'time': datetime.datetime(2022, 10, 15, 10, 21, 41, 939025), 'voltage': 0.0}}
13:21:43,944 DriverIml INFO {1: {'current': 0.0, 'time': datetime.datetime(2022, 10, 15, 10, 21, 43, 941824), 'voltage': 0.0}, 2: {'current': 0.0, 'time': datetime.datetime(2022, 10, 15, 10, 21, 43, 942484), 'voltage': 0.0}, 3: {'current': 0.0, 'time': datetime.datetime(2022, 10, 15, 10, 21, 43, 943011), 'voltage': 0.0}, 4: {'current': 0.0, 'time': datetime.datetime(2022, 10, 15, 10, 21, 43, 944747), 'voltage': 0.0}}
13:21:45,952 DriverIml INFO {1: {'current': 0.0, 'time': datetime.datetime(2022, 10, 15, 10, 21, 45, 948609), 'voltage': 0.0}, 2: {'current': 0.0, 'time': datetime.datetime(2022, 10, 15, 10, 21, 45, 949721), 'voltage': 0.0}, 3: {'current': 0.0, 'time': datetime.datetime(2022, 10, 15, 10, 21, 45, 950869), 'voltage': 0.0}, 4: {'current': 0.0, 'time': datetime.datetime(2022, 10, 15, 10, 21, 45, 951787), 'voltage': 0.0}}
13:21:47,958 DriverIml INFO {1: {'current': 0.0, 'time': datetime.datetime(2022, 10, 15, 10, 21, 47, 955815), 'voltage': 0.0}, 2: {'current': 0.0, 'time': datetime.datetime(2022, 10, 15, 10, 21, 47, 956715), 'voltage': 0.0}, 3: {'current': 0.0, 'time': datetime.datetime(2022, 10, 15, 10, 21, 47, 957633), 'voltage': 0.0}, 4: {'current': 0.0, 'time': datetime.datetime(2022, 10, 15, 10, 21, 47, 958459), 'voltage': 0.0}}
13:28:38,518 aiohttp.server ERROR Error handling request
Traceback (most recent call last):
  File "/home/andrey/buro1440/src/rest_api/rest_api_server.py", line 55, in get_values
    values = await self._driver.get_values(channel)
  File "/home/andrey/buro1440/src/driver_core/driver.py", line 72, in get_values
    resp = await self._device.execute(':MEASure{}:CURRent?'.format(channel_num))
  File "/home/andrey/buro1440/src/driver_core/virtual_device.py", line 21, in execute
    await self._loop.sock_sendall(self._client_socket, command_text.encode())
AttributeError: 'NoneType' object has no attribute 'sock_sendall'

During handling of the above exception, another exception occurred:

Traceback (most recent call last):
  File "/home/andrey/.local/lib/python3.8/site-packages/aiohttp/web_protocol.py", line 433, in _handle_request
    resp = await request_handler(request)
  File "/home/andrey/.local/lib/python3.8/site-packages/aiohttp/web_app.py", line 504, in _handle
    resp = await handler(request)
  File "/home/andrey/buro1440/src/rest_api/rest_api_server.py", line 59, in get_values
    resp.status = 400
AttributeError: can't set attribute
13:28:38,522 aiohttp.access INFO 127.0.0.1 [15/Oct/2022:10:28:38 +0000] "GET /get_values/ALL HTTP/1.1" 500 334 "-" "Mozilla/5.0 (X11; Linux x86_64) AppleWebKit/537.36 (KHTML, like Gecko) Chrome/102.0.0.0 Safari/537.36"
13:29:04,766 DriverIml INFO {1: {'current': 0.0, 'time': datetime.datetime(2022, 10, 15, 10, 29, 4, 764910), 'voltage': 0.0}, 2: {'current': 0.0, 'time': datetime.datetime(2022, 10, 15, 10, 29, 4, 765341), 'voltage': 0.0}, 3: {'current': 0.0, 'time': datetime.datetime(2022, 10, 15, 10, 29, 4, 766171), 'voltage': 0.0}, 4: {'current': 0.0, 'time': datetime.datetime(2022, 10, 15, 10, 29, 4, 766586), 'voltage': 0.0}}
13:29:05,61 aiohttp.access INFO 127.0.0.1 [15/Oct/2022:10:29:05 +0000] "GET /get_values/ALL HTTP/1.1" 200 466 "-" "Mozilla/5.0 (X11; Linux x86_64) AppleWebKit/537.36 (KHTML, like Gecko) Chrome/102.0.0.0 Safari/537.36"
13:29:06,772 DriverIml INFO {1: {'current': 0.0, 'time': datetime.datetime(2022, 10, 15, 10, 29, 6, 769454), 'voltage': 0.0}, 2: {'current': 0.0, 'time': datetime.datetime(2022, 10, 15, 10, 29, 6, 770295), 'voltage': 0.0}, 3: {'current': 0.0, 'time': datetime.datetime(2022, 10, 15, 10, 29, 6, 770920), 'voltage': 0.0}, 4: {'current': 0.0, 'time': datetime.datetime(2022, 10, 15, 10, 29, 6, 771772), 'voltage': 0.0}}
